Removed Member From Class: ClassName=U_ethernet_PoE Member=D6
Removed Member From Class: ClassName=U_ethernet_PoE Member=R15
Removed Member From Class: ClassName=U_uwb_module Member=R25
Change Component Footprint: Designator=C6 Old Footprint=OCVZ0606 - CAPACITOR New Footprint=CAPPRD350W60D825H1300
Change component parameters: Designator = "C1" ("C1"); Footprint = "0603 - Capacitor"; UniqueID = "\JPIGDUFS\IJHLDZFH" ("\JPIGDUFS\IJHLDZFH")
Change component parameters (AddParameter): Name = "Link"; Value = "https://jlcpcb.com/parts/componentSearch?searchTxt=C21122"; VariantName = "[No Variations]"
Change component parameters (AddParameter): Name = "Manufacturer"; Value = "Samsung Electro-Mechanics"; VariantName = "[No Variations]"
Change component parameters (AddParameter): Name = "Manufacturer Part Number"; Value = "CL10B223KB8NNNC"; VariantName = "[No Variations]"
Change component parameters (AddParameter): Name = "Rating"; Value = "50V X7R +/-10%"; VariantName = "[No Variations]"
Change component parameters (AddParameter): Name = "Supplier"; Value = "JLCPCB"; VariantName = "[No Variations]"
Change component parameters (AddParameter): Name = "Supplier Part Number"; Value = "C21122"; VariantName = "[No Variations]"
Change component parameters (AddParameter): Name = "Value"; Value = "22nF"; VariantName = "[No Variations]"
Change component parameters: Designator = "C2" ("C2"); Footprint = "0603 - Capacitor"; UniqueID = "\JPIGDUFS\IYZDHPOB" ("\JPIGDUFS\IYZDHPOB")
Change component parameters (AddParameter): Name = "Link"; Value = "https://jlcpcb.com/partdetail/1983-0603B682K500NT/C1631"; VariantName = "[No Variations]"
Change component parameters (AddParameter): Name = "Manufacturer"; Value = "FH (Guangdong Fenghua Advanced Tech)"; VariantName = "[No Variations]"
Change component parameters (AddParameter): Name = "Manufacturer Part Number"; Value = "0603B682K500NT"; VariantName = "[No Variations]"
Change component parameters (AddParameter): Name = "Rating"; Value = "50V X7R +/-10%"; VariantName = "[No Variations]"
Change component parameters (AddParameter): Name = "Supplier"; Value = "JLCPCB"; VariantName = "[No Variations]"
Change component parameters (AddParameter): Name = "Supplier Part Number"; Value = "C1631"; VariantName = "[No Variations]"
Change component parameters (AddParameter): Name = "Value"; Value = "6.8nF"; VariantName = "[No Variations]"
Change component parameters: Designator = "C3" ("C3"); Footprint = "1206 - Capacitor"; UniqueID = "\JPIGDUFS\XYGMWYPM" ("\JPIGDUFS\XYGMWYPM")
Change component parameters (AddParameter): Name = "Link"; Value = "https://jlcpcb.com/partdetail/9721-1206B102K202NT/C9196"; VariantName = "[No Variations]"
Change component parameters (AddParameter): Name = "Manufacturer"; Value = "FH (Guangdong Fenghua Advanced Tech)"; VariantName = "[No Variations]"
Change component parameters (AddParameter): Name = "Manufacturer Part Number"; Value = "1206B102K202NT"; VariantName = "[No Variations]"
Change component parameters (AddParameter): Name = "Rating"; Value = "2kV"; VariantName = "[No Variations]"
Change component parameters (AddParameter): Name = "Supplier"; Value = "JLCPCB"; VariantName = "[No Variations]"
Change component parameters (AddParameter): Name = "Supplier Part Number"; Value = "C9196"; VariantName = "[No Variations]"
Change component parameters (AddParameter): Name = "Value"; Value = "1nF/2kV"; VariantName = "[No Variations]"
Change component parameters: Designator = "C4" ("C4"); Footprint = "0603 - Capacitor"; UniqueID = "\JPIGDUFS\VPUZHOZW" ("\JPIGDUFS\VPUZHOZW")
Change component parameters (AddParameter): Name = "Link"; Value = "https://jlcpcb.com/partdetail/58143-0603B103K500NT/C57112"; VariantName = "[No Variations]"
Change component parameters (AddParameter): Name = "Manufacturer"; Value = "FH (Guangdong Fenghua Advanced Tech)"; VariantName = "[No Variations]"
Change component parameters (AddParameter): Name = "Manufacturer Part Number"; Value = "0603B103K500NT"; VariantName = "[No Variations]"
Change component parameters (AddParameter): Name = "Rating"; Value = "50V X7R +/-10%"; VariantName = "[No Variations]"
Change component parameters (AddParameter): Name = "Supplier"; Value = "JLCPCB"; VariantName = "[No Variations]"
Change component parameters (AddParameter): Name = "Supplier Part Number"; Value = "C57112"; VariantName = "[No Variations]"
Change component parameters (AddParameter): Name = "Value"; Value = "10nF"; VariantName = "[No Variations]"
Change component parameters: Designator = "C5" ("C5"); Footprint = "0603 - Capacitor"; UniqueID = "\JPIGDUFS\FXBILELK" ("\JPIGDUFS\FXBILELK")
Change component parameters (AddParameter): Name = "Link"; Value = "https://jlcpcb.com/partdetail/1983-0603B682K500NT/C1631"; VariantName = "[No Variations]"
Change component parameters (AddParameter): Name = "Manufacturer"; Value = "FH (Guangdong Fenghua Advanced Tech)"; VariantName = "[No Variations]"
Change component parameters (AddParameter): Name = "Manufacturer Part Number"; Value = "0603B682K500NT"; VariantName = "[No Variations]"
Change component parameters (AddParameter): Name = "Rating"; Value = "50V X7R +/-10%"; VariantName = "[No Variations]"
Change component parameters (AddParameter): Name = "Supplier"; Value = "JLCPCB"; VariantName = "[No Variations]"
Change component parameters (AddParameter): Name = "Supplier Part Number"; Value = "C1631"; VariantName = "[No Variations]"
Change component parameters (AddParameter): Name = "Value"; Value = "6.8nF"; VariantName = "[No Variations]"
Change component parameters: Designator = "C6" ("C6"); Footprint = "OCVZ0606 - CAPACITOR"; UniqueID = "\JMVPPRZX\CZQTDJTM" ("\JMVPPRZX\CZQTDJTM")
Change component parameters (AddParameter): Name = "Link"; Value = "https://www.mouser.ca/ProductDetail/Lelon/RGA101M1HBK-0811G?qs=pNDdEcSXiOBNivHdElCSJA%3D%3D"; VariantName = "[No Variations]"
Change component parameters (AddParameter): Name = "Manufacturer"; Value = "Lelon"; VariantName = "[No Variations]"
Change component parameters (AddParameter): Name = "Manufacturer Part Number"; Value = "RGA101M1HBK-0811G"; VariantName = "[No Variations]"
Change component parameters (AddParameter): Name = "Rating"; Value = "50V"; VariantName = "[No Variations]"
Change component parameters (AddParameter): Name = "Supplier"; Value = "Mouser"; VariantName = "[No Variations]"
Change component parameters (AddParameter): Name = "Supplier Part Number"; Value = "140-RGA101M1HBK0811G"; VariantName = "[No Variations]"
Change component parameters (AddParameter): Name = "Value"; Value = "100uF"; VariantName = "[No Variations]"
Change component parameters: Designator = "C7" ("C7"); Footprint = "0603 - Capacitor"; UniqueID = "\JMVPPRZX\FFRAXQVO" ("\JMVPPRZX\FFRAXQVO")
Change component parameters (AddParameter): Name = "Link"; Value = "https://jlcpcb.com/partdetail/Yageo-CC0603KRX7R9BB104/C14663"; VariantName = "[No Variations]"
Change component parameters (AddParameter): Name = "Manufacturer"; Value = "YAGEO"; VariantName = "[No Variations]"
Change component parameters (AddParameter): Name = "Manufacturer Part Number"; Value = "CC0603KRX7R9BB104"; VariantName = "[No Variations]"
Change component parameters (AddParameter): Name = "Rating"; Value = "50V X7R +/-10%"; VariantName = "[No Variations]"
Change component parameters (AddParameter): Name = "Supplier"; Value = "JLCPCB"; VariantName = "[No Variations]"
Change component parameters (AddParameter): Name = "Supplier Part Number"; Value = "C14663"; VariantName = "[No Variations]"
Change component parameters (AddParameter): Name = "Value"; Value = "10uF"; VariantName = "[No Variations]"
Change component parameters: Designator = "C8" ("C8"); Footprint = "0603 - Capacitor"; UniqueID = "\JMVPPRZX\ODXWTMUB" ("\JMVPPRZX\ODXWTMUB")
Change component parameters (AddParameter): Name = "Link"; Value = "https://jlcpcb.com/partdetail/Yageo-CC0603KRX7R9BB104/C14663"; VariantName = "[No Variations]"
Change component parameters (AddParameter): Name = "Manufacturer"; Value = "YAGEO"; VariantName = "[No Variations]"
Change component parameters (AddParameter): Name = "Manufacturer Part Number"; Value = "CC0603KRX7R9BB104"; VariantName = "[No Variations]"
Change component parameters (AddParameter): Name = "Rating"; Value = "50V X7R +/-10%"; VariantName = "[No Variations]"
Change component parameters (AddParameter): Name = "Supplier"; Value = "JLCPCB"; VariantName = "[No Variations]"
Change component parameters (AddParameter): Name = "Supplier Part Number"; Value = "C14663"; VariantName = "[No Variations]"
Change component parameters (AddParameter): Name = "Value"; Value = "10uF"; VariantName = "[No Variations]"
Change component parameters: Designator = "C9" ("C9"); Footprint = "0603 - Capacitor"; UniqueID = "\JMVPPRZX\JEVNWPOV" ("\JMVPPRZX\JEVNWPOV")
Change component parameters (AddParameter): Name = "Link"; Value = "https://jlcpcb.com/partdetail/Yageo-CC0603KRX7R9BB104/C14663"; VariantName = "[No Variations]"
Change component parameters (AddParameter): Name = "Manufacturer"; Value = "YAGEO"; VariantName = "[No Variations]"
Change component parameters (AddParameter): Name = "Manufacturer Part Number"; Value = "CC0603KRX7R9BB104"; VariantName = "[No Variations]"
Change component parameters (AddParameter): Name = "Rating"; Value = "50V X7R +/-10%"; VariantName = "[No Variations]"
Change component parameters (AddParameter): Name = "Supplier"; Value = "JLCPCB"; VariantName = "[No Variations]"
Change component parameters (AddParameter): Name = "Supplier Part Number"; Value = "C14663"; VariantName = "[No Variations]"
Change component parameters (AddParameter): Name = "Value"; Value = "10uF"; VariantName = "[No Variations]"
Change component parameters: Designator = "C10" ("C10"); Footprint = "0603 - Capacitor"; UniqueID = "\JMVPPRZX\JICOACPN" ("\JMVPPRZX\JICOACPN")
Change component parameters (AddParameter): Name = "Link"; Value = "https://jlcpcb.com/partdetail/Yageo-CC0603KRX7R9BB104/C14663"; VariantName = "[No Variations]"
Change component parameters (AddParameter): Name = "Manufacturer"; Value = "YAGEO"; VariantName = "[No Variations]"
Change component parameters (AddParameter): Name = "Manufacturer Part Number"; Value = "CC0603KRX7R9BB104"; VariantName = "[No Variations]"
Change component parameters (AddParameter): Name = "Rating"; Value = "50V X7R +/-10%"; VariantName = "[No Variations]"
Change component parameters (AddParameter): Name = "Supplier"; Value = "JLCPCB"; VariantName = "[No Variations]"
Change component parameters (AddParameter): Name = "Supplier Part Number"; Value = "C14663"; VariantName = "[No Variations]"
Change component parameters (AddParameter): Name = "Value"; Value = "0.1uF"; VariantName = "[No Variations]"
Change component parameters: Designator = "C11" ("C11"); Footprint = "0603 - Capacitor"; UniqueID = "\JMVPPRZX\JGNJPDPP" ("\JMVPPRZX\JGNJPDPP")
Change component parameters (AddParameter): Name = "Link"; Value = ""; VariantName = "[No Variations]"
Change component parameters (AddParameter): Name = "Manufacturer"; Value = ""; VariantName = "[No Variations]"
Change component parameters (AddParameter): Name = "Manufacturer Part Number"; Value = ""; VariantName = "[No Variations]"
Change component parameters (AddParameter): Name = "Rating"; Value = ""; VariantName = "[No Variations]"
Change component parameters (AddParameter): Name = "Supplier"; Value = ""; VariantName = "[No Variations]"
Change component parameters (AddParameter): Name = "Supplier Part Number"; Value = ""; VariantName = "[No Variations]"
Change component parameters (AddParameter): Name = "Value"; Value = "DNP"; VariantName = "[No Variations]"
Change component parameters: Designator = "C12" ("C12"); Footprint = "0603 - Capacitor"; UniqueID = "\JMVPPRZX\GOACUQZW" ("\JMVPPRZX\GOACUQZW")
Change component parameters (AddParameter): Name = "Link"; Value = "https://jlcpcb.com/partdetail/Yageo-CC0603KRX7R9BB104/C14663"; VariantName = "[No Variations]"
Change component parameters (AddParameter): Name = "Manufacturer"; Value = "YAGEO"; VariantName = "[No Variations]"
Change component parameters (AddParameter): Name = "Manufacturer Part Number"; Value = "CC0603KRX7R9BB104"; VariantName = "[No Variations]"
Change component parameters (AddParameter): Name = "Rating"; Value = "50V X7R +/-10%"; VariantName = "[No Variations]"
Change component parameters (AddParameter): Name = "Supplier"; Value = "JLCPCB"; VariantName = "[No Variations]"
Change component parameters (AddParameter): Name = "Supplier Part Number"; Value = "C14663"; VariantName = "[No Variations]"
Change component parameters (AddParameter): Name = "Value"; Value = "0.1uF"; VariantName = "[No Variations]"
Change component parameters: Designator = "C13" ("C13"); Footprint = "0603 - Capacitor"; UniqueID = "\JMVPPRZX\QIDLRYZU" ("\JMVPPRZX\QIDLRYZU")
Change component parameters (AddParameter): Name = "Link"; Value = "https://jlcpcb.com/partdetail/16531-CL10A105KB8NNNC/C15849"; VariantName = "[No Variations]"
Change component parameters (AddParameter): Name = "Manufacturer"; Value = "Samsung Electro-Mechanics"; VariantName = "[No Variations]"
Change component parameters (AddParameter): Name = "Manufacturer Part Number"; Value = "CL10A105KB8NNNC"; VariantName = "[No Variations]"
Change component parameters (AddParameter): Name = "Rating"; Value = "50V"; VariantName = "[No Variations]"
Change component parameters (AddParameter): Name = "Supplier"; Value = "JLCPCB"; VariantName = "[No Variations]"
Change component parameters (AddParameter): Name = "Supplier Part Number"; Value = "C15849"; VariantName = "[No Variations]"
Change component parameters (AddParameter): Name = "Value"; Value = "1uF"; VariantName = "[No Variations]"
Change component parameters: Designator = "C14" ("C14"); Footprint = "0603 - Capacitor"; UniqueID = "\JMVPPRZX\JXGELDDM" ("\JMVPPRZX\JXGELDDM")
Change component parameters (AddParameter): Name = "Link"; Value = ""; VariantName = "[No Variations]"
Change component parameters (AddParameter): Name = "Manufacturer"; Value = ""; VariantName = "[No Variations]"
Change component parameters (AddParameter): Name = "Manufacturer Part Number"; Value = ""; VariantName = "[No Variations]"
Change component parameters (AddParameter): Name = "Rating"; Value = ""; VariantName = "[No Variations]"
Change component parameters (AddParameter): Name = "Supplier"; Value = ""; VariantName = "[No Variations]"
Change component parameters (AddParameter): Name = "Supplier Part Number"; Value = ""; VariantName = "[No Variations]"
Change component parameters (AddParameter): Name = "Value"; Value = "DNP"; VariantName = "[No Variations]"
Change component parameters: Designator = "C15" ("C15"); Footprint = "0603 - Capacitor"; UniqueID = "\JMVPPRZX\RLAXDUDC" ("\JMVPPRZX\RLAXDUDC")
Change component parameters (AddParameter): Name = "Link"; Value = ""; VariantName = "[No Variations]"
Change component parameters (AddParameter): Name = "Manufacturer"; Value = ""; VariantName = "[No Variations]"
Change component parameters (AddParameter): Name = "Manufacturer Part Number"; Value = ""; VariantName = "[No Variations]"
Change component parameters (AddParameter): Name = "Rating"; Value = ""; VariantName = "[No Variations]"
Change component parameters (AddParameter): Name = "Supplier"; Value = ""; VariantName = "[No Variations]"
Change component parameters (AddParameter): Name = "Supplier Part Number"; Value = ""; VariantName = "[No Variations]"
Change component parameters (AddParameter): Name = "Value"; Value = "DNP"; VariantName = "[No Variations]"
Change component parameters: Designator = "C16" ("C16"); Footprint = "0603 - Capacitor"; UniqueID = "\JMVPPRZX\ARUNDQRY" ("\JMVPPRZX\ARUNDQRY")
Change component parameters (AddParameter): Name = "Link"; Value = ""; VariantName = "[No Variations]"
Change component parameters (AddParameter): Name = "Manufacturer"; Value = ""; VariantName = "[No Variations]"
Change component parameters (AddParameter): Name = "Manufacturer Part Number"; Value = ""; VariantName = "[No Variations]"
Change component parameters (AddParameter): Name = "Rating"; Value = ""; VariantName = "[No Variations]"
Change component parameters (AddParameter): Name = "Supplier"; Value = ""; VariantName = "[No Variations]"
Change component parameters (AddParameter): Name = "Supplier Part Number"; Value = ""; VariantName = "[No Variations]"
Change component parameters (AddParameter): Name = "Value"; Value = "DNP"; VariantName = "[No Variations]"
Change component parameters: Designator = "C17" ("C17"); Footprint = "0603 - Capacitor"; UniqueID = "\SEGIHNRV\CJIXOXFW" ("\SEGIHNRV\CJIXOXFW")
Change component parameters (AddParameter): Name = "Link"; Value = "https://jlcpcb.com/partdetail/2016-CL10C331JB8NNNC/C1664"; VariantName = "[No Variations]"
Change component parameters (AddParameter): Name = "Manufacturer"; Value = "Samsung Electro-Mechanics"; VariantName = "[No Variations]"
Change component parameters (AddParameter): Name = "Manufacturer Part Number"; Value = "CL10C331JB8NNNC"; VariantName = "[No Variations]"
Change component parameters (AddParameter): Name = "Rating"; Value = "50V"; VariantName = "[No Variations]"
Change component parameters (AddParameter): Name = "Supplier"; Value = "JLCPCB"; VariantName = "[No Variations]"
Change component parameters (AddParameter): Name = "Supplier Part Number"; Value = "C1664"; VariantName = "[No Variations]"
Change component parameters (AddParameter): Name = "Value"; Value = "330pF"; VariantName = "[No Variations]"
Change component parameters: Designator = "C18" ("C18"); Footprint = "0603 - Capacitor"; UniqueID = "\SEGIHNRV\NLOFLAHJ" ("\SEGIHNRV\NLOFLAHJ")
Change component parameters (AddParameter): Name = "Link"; Value = "https://jlcpcb.com/partdetail/2016-CL10C331JB8NNNC/C1664"; VariantName = "[No Variations]"
Change component parameters (AddParameter): Name = "Manufacturer"; Value = "Samsung Electro-Mechanics"; VariantName = "[No Variations]"
Change component parameters (AddParameter): Name = "Manufacturer Part Number"; Value = "CL10C331JB8NNNC"; VariantName = "[No Variations]"
Change component parameters (AddParameter): Name = "Rating"; Value = "50V"; VariantName = "[No Variations]"
Change component parameters (AddParameter): Name = "Supplier"; Value = "JLCPCB"; VariantName = "[No Variations]"
Change component parameters (AddParameter): Name = "Supplier Part Number"; Value = "C1664"; VariantName = "[No Variations]"
Change component parameters (AddParameter): Name = "Value"; Value = "330pF"; VariantName = "[No Variations]"
Change component parameters: Designator = "C19" ("C19"); Footprint = "0603 - Capacitor"; UniqueID = "\SEGIHNRV\NBFQJFVD" ("\SEGIHNRV\NBFQJFVD")
Change component parameters (AddParameter): Name = "Link"; Value = "https://jlcpcb.com/partdetail/Yageo-CC0603KRX7R9BB104/C14663"; VariantName = "[No Variations]"
Change component parameters (AddParameter): Name = "Manufacturer"; Value = "YAGEO"; VariantName = "[No Variations]"
Change component parameters (AddParameter): Name = "Manufacturer Part Number"; Value = "CC0603KRX7R9BB104"; VariantName = "[No Variations]"
Change component parameters (AddParameter): Name = "Rating"; Value = "50V X7R +/-10%"; VariantName = "[No Variations]"
Change component parameters (AddParameter): Name = "Supplier"; Value = "JLCPCB"; VariantName = "[No Variations]"
Change component parameters (AddParameter): Name = "Supplier Part Number"; Value = "C14663"; VariantName = "[No Variations]"
Change component parameters (AddParameter): Name = "Value"; Value = "10uF"; VariantName = "[No Variations]"
Change component parameters: Designator = "C20" ("C20"); Footprint = "0603 - Capacitor"; UniqueID = "\SEGIHNRV\SOXDRQGO" ("\SEGIHNRV\SOXDRQGO")
Change component parameters (AddParameter): Name = "Link"; Value = "https://jlcpcb.com/partdetail/Yageo-CC0603KRX7R9BB104/C14663"; VariantName = "[No Variations]"
Change component parameters (AddParameter): Name = "Manufacturer"; Value = "YAGEO"; VariantName = "[No Variations]"
Change component parameters (AddParameter): Name = "Manufacturer Part Number"; Value = "CC0603KRX7R9BB104"; VariantName = "[No Variations]"
Change component parameters (AddParameter): Name = "Rating"; Value = "50V X7R +/-10%"; VariantName = "[No Variations]"
Change component parameters (AddParameter): Name = "Supplier"; Value = "JLCPCB"; VariantName = "[No Variations]"
Change component parameters (AddParameter): Name = "Supplier Part Number"; Value = "C14663"; VariantName = "[No Variations]"
Change component parameters (AddParameter): Name = "Value"; Value = "0.1uF"; VariantName = "[No Variations]"
Change component parameters: Designator = "C21" ("C21"); Footprint = "0603 - Capacitor"; UniqueID = "\EFSBJTRO\DKSJNFCS" ("\EFSBJTRO\DKSJNFCS")
Change component parameters (AddParameter): Name = "Link"; Value = "https://jlcpcb.com/partdetail/Yageo-CC0603KRX7R9BB104/C14663"; VariantName = "[No Variations]"
Change component parameters (AddParameter): Name = "Manufacturer"; Value = "YAGEO"; VariantName = "[No Variations]"
Change component parameters (AddParameter): Name = "Manufacturer Part Number"; Value = "CC0603KRX7R9BB104"; VariantName = "[No Variations]"
Change component parameters (AddParameter): Name = "Rating"; Value = "50V X7R +/-10%"; VariantName = "[No Variations]"
Change component parameters (AddParameter): Name = "Supplier"; Value = "JLCPCB"; VariantName = "[No Variations]"
Change component parameters (AddParameter): Name = "Supplier Part Number"; Value = "C14663"; VariantName = "[No Variations]"
Change component parameters (AddParameter): Name = "Value"; Value = "0.1uF"; VariantName = "[No Variations]"
Change component parameters: Designator = "C22" ("C22"); Footprint = "0603 - Capacitor"; UniqueID = "\EFSBJTRO\AUFZXAKY" ("\EFSBJTRO\AUFZXAKY")
Change component parameters (AddParameter): Name = "Link"; Value = "https://jlcpcb.com/partdetail/Yageo-CC0603KRX7R9BB104/C14663"; VariantName = "[No Variations]"
Change component parameters (AddParameter): Name = "Manufacturer"; Value = "YAGEO"; VariantName = "[No Variations]"
Change component parameters (AddParameter): Name = "Manufacturer Part Number"; Value = "CC0603KRX7R9BB104"; VariantName = "[No Variations]"
Change component parameters (AddParameter): Name = "Rating"; Value = "50V X7R +/-10%"; VariantName = "[No Variations]"
Change component parameters (AddParameter): Name = "Supplier"; Value = "JLCPCB"; VariantName = "[No Variations]"
Change component parameters (AddParameter): Name = "Supplier Part Number"; Value = "C14663"; VariantName = "[No Variations]"
Change component parameters (AddParameter): Name = "Value"; Value = "0.1uF"; VariantName = "[No Variations]"
Change component parameters: Designator = "C23" ("C23"); Footprint = "0603 - Capacitor"; UniqueID = "\EFSBJTRO\OJASCHPJ" ("\EFSBJTRO\OJASCHPJ")
Change component parameters (AddParameter): Name = "Link"; Value = "https://jlcpcb.com/partdetail/Yageo-CC0603KRX7R9BB104/C14663"; VariantName = "[No Variations]"
Change component parameters (AddParameter): Name = "Manufacturer"; Value = "YAGEO"; VariantName = "[No Variations]"
Change component parameters (AddParameter): Name = "Manufacturer Part Number"; Value = "CC0603KRX7R9BB104"; VariantName = "[No Variations]"
Change component parameters (AddParameter): Name = "Rating"; Value = "50V X7R +/-10%"; VariantName = "[No Variations]"
Change component parameters (AddParameter): Name = "Supplier"; Value = "JLCPCB"; VariantName = "[No Variations]"
Change component parameters (AddParameter): Name = "Supplier Part Number"; Value = "C14663"; VariantName = "[No Variations]"
Change component parameters (AddParameter): Name = "Value"; Value = "0.1uF"; VariantName = "[No Variations]"
Change component parameters: Designator = "C24" ("C24"); Footprint = "0603 - Capacitor"; UniqueID = "\EFSBJTRO\PJETMLDI" ("\EFSBJTRO\PJETMLDI")
Change component parameters (AddParameter): Name = "Link"; Value = "https://jlcpcb.com/partdetail/Yageo-CC0603KRX7R9BB104/C14663"; VariantName = "[No Variations]"
Change component parameters (AddParameter): Name = "Manufacturer"; Value = "YAGEO"; VariantName = "[No Variations]"
Change component parameters (AddParameter): Name = "Manufacturer Part Number"; Value = "CC0603KRX7R9BB104"; VariantName = "[No Variations]"
Change component parameters (AddParameter): Name = "Rating"; Value = "50V X7R +/-10%"; VariantName = "[No Variations]"
Change component parameters (AddParameter): Name = "Supplier"; Value = "JLCPCB"; VariantName = "[No Variations]"
Change component parameters (AddParameter): Name = "Supplier Part Number"; Value = "C14663"; VariantName = "[No Variations]"
Change component parameters (AddParameter): Name = "Value"; Value = "0.1uF"; VariantName = "[No Variations]"
Change component parameters: Designator = "C25" ("C25"); Footprint = "0603 - Capacitor"; UniqueID = "\EFSBJTRO\VYKUZXMY" ("\EFSBJTRO\VYKUZXMY")
Change component parameters (AddParameter): Name = "Link"; Value = "https://jlcpcb.com/partdetail/Yageo-CC0603KRX7R9BB104/C14663"; VariantName = "[No Variations]"
Change component parameters (AddParameter): Name = "Manufacturer"; Value = "YAGEO"; VariantName = "[No Variations]"
Change component parameters (AddParameter): Name = "Manufacturer Part Number"; Value = "CC0603KRX7R9BB104"; VariantName = "[No Variations]"
Change component parameters (AddParameter): Name = "Rating"; Value = "50V X7R +/-10%"; VariantName = "[No Variations]"
Change component parameters (AddParameter): Name = "Supplier"; Value = "JLCPCB"; VariantName = "[No Variations]"
Change component parameters (AddParameter): Name = "Supplier Part Number"; Value = "C14663"; VariantName = "[No Variations]"
Change component parameters (AddParameter): Name = "Value"; Value = "0.1uF"; VariantName = "[No Variations]"
Change component parameters: Designator = "C26" ("C26"); Footprint = "0603 - Capacitor"; UniqueID = "\EFSBJTRO\AHJQTKHL" ("\EFSBJTRO\AHJQTKHL")
Change component parameters (AddParameter): Name = "Link"; Value = "https://jlcpcb.com/partdetail/Yageo-CC0603KRX7R9BB104/C14663"; VariantName = "[No Variations]"
Change component parameters (AddParameter): Name = "Manufacturer"; Value = "YAGEO"; VariantName = "[No Variations]"
Change component parameters (AddParameter): Name = "Manufacturer Part Number"; Value = "CC0603KRX7R9BB104"; VariantName = "[No Variations]"
Change component parameters (AddParameter): Name = "Rating"; Value = "50V X7R +/-10%"; VariantName = "[No Variations]"
Change component parameters (AddParameter): Name = "Supplier"; Value = "JLCPCB"; VariantName = "[No Variations]"
Change component parameters (AddParameter): Name = "Supplier Part Number"; Value = "C14663"; VariantName = "[No Variations]"
Change component parameters (AddParameter): Name = "Value"; Value = "0.1uF"; VariantName = "[No Variations]"
Change component parameters: Designator = "C27" ("C27"); Footprint = "0603 - Capacitor"; UniqueID = "\EFSBJTRO\WDQRKEEV" ("\EFSBJTRO\WDQRKEEV")
Change component parameters (AddParameter): Name = "Link"; Value = "https://jlcpcb.com/partdetail/Yageo-CC0603KRX7R9BB104/C14663"; VariantName = "[No Variations]"
Change component parameters (AddParameter): Name = "Manufacturer"; Value = "YAGEO"; VariantName = "[No Variations]"
Change component parameters (AddParameter): Name = "Manufacturer Part Number"; Value = "CC0603KRX7R9BB104"; VariantName = "[No Variations]"
Change component parameters (AddParameter): Name = "Rating"; Value = "50V X7R +/-10%"; VariantName = "[No Variations]"
Change component parameters (AddParameter): Name = "Supplier"; Value = "JLCPCB"; VariantName = "[No Variations]"
Change component parameters (AddParameter): Name = "Supplier Part Number"; Value = "C14663"; VariantName = "[No Variations]"
Change component parameters (AddParameter): Name = "Value"; Value = "10uF"; VariantName = "[No Variations]"
Change component parameters: Designator = "C28" ("C28"); Footprint = "0603 - Capacitor"; UniqueID = "\EFSBJTRO\TJPKXVXP" ("\EFSBJTRO\TJPKXVXP")
Change component parameters (AddParameter): Name = "Link"; Value = "https://jlcpcb.com/partdetail/Yageo-CC0603KRX7R9BB104/C14663"; VariantName = "[No Variations]"
Change component parameters (AddParameter): Name = "Manufacturer"; Value = "YAGEO"; VariantName = "[No Variations]"
Change component parameters (AddParameter): Name = "Manufacturer Part Number"; Value = "CC0603KRX7R9BB104"; VariantName = "[No Variations]"
Change component parameters (AddParameter): Name = "Rating"; Value = "50V X7R +/-10%"; VariantName = "[No Variations]"
Change component parameters (AddParameter): Name = "Supplier"; Value = "JLCPCB"; VariantName = "[No Variations]"
Change component parameters (AddParameter): Name = "Supplier Part Number"; Value = "C14663"; VariantName = "[No Variations]"
Change component parameters (AddParameter): Name = "Value"; Value = "10uF"; VariantName = "[No Variations]"
Change component parameters: Designator = "C29" ("C29"); Footprint = "0603 - Capacitor"; UniqueID = "\EFSBJTRO\HKIHJDUX" ("\EFSBJTRO\HKIHJDUX")
Change component parameters (AddParameter): Name = "Link"; Value = "https://jlcpcb.com/partdetail/Yageo-CC0603KRX7R9BB104/C14663"; VariantName = "[No Variations]"
Change component parameters (AddParameter): Name = "Manufacturer"; Value = "YAGEO"; VariantName = "[No Variations]"
Change component parameters (AddParameter): Name = "Manufacturer Part Number"; Value = "CC0603KRX7R9BB104"; VariantName = "[No Variations]"
Change component parameters (AddParameter): Name = "Rating"; Value = "50V X7R +/-10%"; VariantName = "[No Variations]"
Change component parameters (AddParameter): Name = "Supplier"; Value = "JLCPCB"; VariantName = "[No Variations]"
Change component parameters (AddParameter): Name = "Supplier Part Number"; Value = "C14663"; VariantName = "[No Variations]"
Change component parameters (AddParameter): Name = "Value"; Value = "0.1uF"; VariantName = "[No Variations]"
Change component parameters: Designator = "C30" ("C30"); Footprint = "0603 - Capacitor"; UniqueID = "\EFSBJTRO\BVEIQLWV" ("\EFSBJTRO\BVEIQLWV")
Change component parameters (AddParameter): Name = "Link"; Value = "https://jlcpcb.com/partdetail/1986-CL10C100JB8NNNC/C1634"; VariantName = "[No Variations]"
Change component parameters (AddParameter): Name = "Manufacturer"; Value = "Samsung Electro-Mechanics"; VariantName = "[No Variations]"
Change component parameters (AddParameter): Name = "Manufacturer Part Number"; Value = "CL10C100JB8NNNC"; VariantName = "[No Variations]"
Change component parameters (AddParameter): Name = "Rating"; Value = "50V C0G +/-5%"; VariantName = "[No Variations]"
Change component parameters (AddParameter): Name = "Supplier"; Value = "JLCPCB"; VariantName = "[No Variations]"
Change component parameters (AddParameter): Name = "Supplier Part Number"; Value = "C1634"; VariantName = "[No Variations]"
Change component parameters (AddParameter): Name = "Value"; Value = "10pF"; VariantName = "[No Variations]"
Change component parameters: Designator = "C31" ("C31"); Footprint = "0603 - Capacitor"; UniqueID = "\EFSBJTRO\YQFOYHVR" ("\EFSBJTRO\YQFOYHVR")
Change component parameters (AddParameter): Name = "Link"; Value = "https://jlcpcb.com/partdetail/1986-CL10C100JB8NNNC/C1634"; VariantName = "[No Variations]"
Change component parameters (AddParameter): Name = "Manufacturer"; Value = "Samsung Electro-Mechanics"; VariantName = "[No Variations]"
Change component parameters (AddParameter): Name = "Manufacturer Part Number"; Value = "CL10C100JB8NNNC"; VariantName = "[No Variations]"
Change component parameters (AddParameter): Name = "Rating"; Value = "50V C0G +/-5%"; VariantName = "[No Variations]"
Change component parameters (AddParameter): Name = "Supplier"; Value = "JLCPCB"; VariantName = "[No Variations]"
Change component parameters (AddParameter): Name = "Supplier Part Number"; Value = "C1634"; VariantName = "[No Variations]"
Change component parameters (AddParameter): Name = "Value"; Value = "10pF"; VariantName = "[No Variations]"
Change component parameters: Designator = "C32" ("C32"); Footprint = "0603 - Capacitor"; UniqueID = "\EFSBJTRO\YLZOCSQC" ("\EFSBJTRO\YLZOCSQC")
Change component parameters (AddParameter): Name = "Link"; Value = "https://jlcpcb.com/partdetail/20375-CL10A475KO8NNNC/C19666"; VariantName = "[No Variations]"
Change component parameters (AddParameter): Name = "Manufacturer"; Value = "Samsung Electro-Mechanics"; VariantName = "[No Variations]"
Change component parameters (AddParameter): Name = "Manufacturer Part Number"; Value = "CL10A475KO8NNNC"; VariantName = "[No Variations]"
Change component parameters (AddParameter): Name = "Rating"; Value = "16V X5R +/-10%"; VariantName = "[No Variations]"
Change component parameters (AddParameter): Name = "Supplier"; Value = "JLCPCB"; VariantName = "[No Variations]"
Change component parameters (AddParameter): Name = "Supplier Part Number"; Value = "C19666"; VariantName = "[No Variations]"
Change component parameters (AddParameter): Name = "Value"; Value = "4.7uF"; VariantName = "[No Variations]"
Change component parameters: Designator = "C33" ("C33"); Footprint = "0603 - Capacitor"; UniqueID = "\EFSBJTRO\AKZGAZEV" ("\EFSBJTRO\AKZGAZEV")
Change component parameters (AddParameter): Name = "Link"; Value = "https://jlcpcb.com/partdetail/58143-0603B103K500NT/C57112"; VariantName = "[No Variations]"
Change component parameters (AddParameter): Name = "Manufacturer"; Value = "FH (Guangdong Fenghua Advanced Tech)"; VariantName = "[No Variations]"
Change component parameters (AddParameter): Name = "Manufacturer Part Number"; Value = "0603B103K500NT"; VariantName = "[No Variations]"
Change component parameters (AddParameter): Name = "Rating"; Value = "50V X7R +/-10%"; VariantName = "[No Variations]"
Change component parameters (AddParameter): Name = "Supplier"; Value = "JLCPCB"; VariantName = "[No Variations]"
Change component parameters (AddParameter): Name = "Supplier Part Number"; Value = "C57112"; VariantName = "[No Variations]"
Change component parameters (AddParameter): Name = "Value"; Value = "10nF"; VariantName = "[No Variations]"
Change component parameters: Designator = "D1" ("D1"); Footprint = "0805 LED"; UniqueID = "\JMVPPRZX\QZQPCNSF" ("\JMVPPRZX\QZQPCNSF")
Change component parameters (AddParameter): Name = "Link"; Value = "https://jlcpcb.com/partdetail/85425-NCD0805R1/C84256"; VariantName = "[No Variations]"
Change component parameters (AddParameter): Name = "Manufacturer"; Value = "Foshan NationStar Optoelectronics"; VariantName = "[No Variations]"
Change component parameters (AddParameter): Name = "Manufacturer Part Number"; Value = "NCD0805R1"; VariantName = "[No Variations]"
Change component parameters (AddParameter): Name = "Rating"; Value = ""; VariantName = "[No Variations]"
Change component parameters (AddParameter): Name = "Supplier"; Value = "JLCPCB"; VariantName = "[No Variations]"
Change component parameters (AddParameter): Name = "Supplier Part Number"; Value = "C84256"; VariantName = "[No Variations]"
Change component parameters (AddParameter): Name = "Value"; Value = ""; VariantName = "[No Variations]"
Change component parameters: Designator = "D2" ("D2"); Footprint = "FP-SMAJ-MFG"; UniqueID = "\JMVPPRZX\PSIDNWHW" ("\JMVPPRZX\PSIDNWHW")
Change component parameters (AddParameter): Name = "Link"; Value = "https://www.mouser.ca/ProductDetail/Murata-Electronics/BLM21AG121SH1D?qs=RTwwdbUDBXC774LJBjqxGQ%3D%3D"; VariantName = "[No Variations]"
Change component parameters (AddParameter): Name = "Manufacturer"; Value = "Murata Electronics"; VariantName = "[No Variations]"
Change component parameters (AddParameter): Name = "Manufacturer Part Number"; Value = "BLM21AG121SH1D"; VariantName = "[No Variations]"
Change component parameters (AddParameter): Name = "Supplier"; Value = "Mouser"; VariantName = "[No Variations]"
Change component parameters (AddParameter): Name = "Supplier Part Number"; Value = "81-BLM21AG121SH1D"; VariantName = "[No Variations]"
Change component parameters: Designator = "D3" ("D3"); Footprint = "0805 LED"; UniqueID = "\SEGIHNRV\IYUYLGGH" ("\SEGIHNRV\IYUYLGGH")
Change component parameters (AddParameter): Name = "Link"; Value = "https://jlcpcb.com/partdetail/Hubei_KentoElec-C2297/C2297"; VariantName = "[No Variations]"
Change component parameters (AddParameter): Name = "Manufacturer"; Value = "Hubei KENTO Elec"; VariantName = "[No Variations]"
Change component parameters (AddParameter): Name = "Manufacturer Part Number"; Value = "C2297"; VariantName = "[No Variations]"
Change component parameters (AddParameter): Name = "Rating"; Value = ""; VariantName = "[No Variations]"
Change component parameters (AddParameter): Name = "Supplier"; Value = "JLCPCB"; VariantName = "[No Variations]"
Change component parameters (AddParameter): Name = "Supplier Part Number"; Value = "C2297"; VariantName = "[No Variations]"
Change component parameters (AddParameter): Name = "Value"; Value = ""; VariantName = "[No Variations]"
Change component parameters: Designator = "D4" ("D4"); Footprint = "0805 LED"; UniqueID = "\SEGIHNRV\EKUZORIY" ("\SEGIHNRV\EKUZORIY")
Change component parameters (AddParameter): Name = "Link"; Value = "https://jlcpcb.com/partdetail/Hubei_KentoElec-C2296/C2296"; VariantName = "[No Variations]"
Change component parameters (AddParameter): Name = "Manufacturer"; Value = "Hubei KENTO Elec"; VariantName = "[No Variations]"
Change component parameters (AddParameter): Name = "Manufacturer Part Number"; Value = "C2296"; VariantName = "[No Variations]"
Change component parameters (AddParameter): Name = "Rating"; Value = ""; VariantName = "[No Variations]"
Change component parameters (AddParameter): Name = "Supplier"; Value = "JLCPCB"; VariantName = "[No Variations]"
Change component parameters (AddParameter): Name = "Supplier Part Number"; Value = "C2296"; VariantName = "[No Variations]"
Change component parameters (AddParameter): Name = "Value"; Value = ""; VariantName = "[No Variations]"
Change component parameters: Designator = "D5" ("D5"); Footprint = "0805 LED"; UniqueID = "\SEGIHNRV\CLPARARB" ("\SEGIHNRV\CLPARARB")
Change component parameters (AddParameter): Name = "Link"; Value = "https://jlcpcb.com/partdetail/Hubei_KentoElec-C2297/C2297"; VariantName = "[No Variations]"
Change component parameters (AddParameter): Name = "Manufacturer"; Value = "Hubei KENTO Elec"; VariantName = "[No Variations]"
Change component parameters (AddParameter): Name = "Manufacturer Part Number"; Value = "C2297"; VariantName = "[No Variations]"
Change component parameters (AddParameter): Name = "Rating"; Value = ""; VariantName = "[No Variations]"
Change component parameters (AddParameter): Name = "Supplier"; Value = "JLCPCB"; VariantName = "[No Variations]"
Change component parameters (AddParameter): Name = "Supplier Part Number"; Value = "C2297"; VariantName = "[No Variations]"
Change component parameters (AddParameter): Name = "Value"; Value = ""; VariantName = "[No Variations]"
Change component parameters: Designator = "D6" ("D6"); Footprint = "0805 LED"; UniqueID = "\SEGIHNRV\CISSMRKC" ("\SEGIHNRV\CISSMRKC")
Change component parameters (AddParameter): Name = "Link"; Value = "https://jlcpcb.com/partdetail/Hubei_KentoElec-C2296/C2296"; VariantName = "[No Variations]"
Change component parameters (AddParameter): Name = "Manufacturer"; Value = "Hubei KENTO Elec"; VariantName = "[No Variations]"
Change component parameters (AddParameter): Name = "Manufacturer Part Number"; Value = "C2296"; VariantName = "[No Variations]"
Change component parameters (AddParameter): Name = "Rating"; Value = ""; VariantName = "[No Variations]"
Change component parameters (AddParameter): Name = "Supplier"; Value = "JLCPCB"; VariantName = "[No Variations]"
Change component parameters (AddParameter): Name = "Supplier Part Number"; Value = "C2296"; VariantName = "[No Variations]"
Change component parameters (AddParameter): Name = "Value"; Value = ""; VariantName = "[No Variations]"
Change component parameters: Designator = "FB1" ("FB1"); Footprint = "FP-BLM21-0_2-t0_85-e0_5-MFG"; UniqueID = "\EFSBJTRO\NKDMIJCF" ("\EFSBJTRO\NKDMIJCF")
Change component parameters (AddParameter): Name = "Link"; Value = "https://www.mouser.ca/ProductDetail/Murata-Electronics/BLM21AG121SH1D?qs=RTwwdbUDBXC774LJBjqxGQ%3D%3D"; VariantName = "[No Variations]"
Change component parameters (AddParameter): Name = "Manufacturer"; Value = "Murata Electronics"; VariantName = "[No Variations]"
Change component parameters (AddParameter): Name = "Manufacturer Part Number"; Value = "BLM21AG121SH1D"; VariantName = "[No Variations]"
Change component parameters (AddParameter): Name = "Supplier"; Value = "Mouser"; VariantName = "[No Variations]"
Change component parameters (AddParameter): Name = "Supplier Part Number"; Value = "81-BLM21AG121SH1D"; VariantName = "[No Variations]"
Change component parameters: Designator = "J1" ("J1"); Footprint = "ARJP11A-MASA-B-A-EMU2"; UniqueID = "\JPIGDUFS\WSTGAFDE" ("\JPIGDUFS\WSTGAFDE")
Change component parameters (AddParameter): Name = "Link"; Value = "https://www.mouser.ca/ProductDetail/ABRACON/ARJP11A-MASA-B-A-EMU2?qs=Hi7jo9HHk1p0O4X8NyvNug%3D%3D"; VariantName = "[No Variations]"
Change component parameters (AddParameter): Name = "Manufacturer"; Value = "ABRACON"; VariantName = "[No Variations]"
Change component parameters (AddParameter): Name = "Manufacturer Part Number"; Value = "ARJP11A-MASA-B-A-EMU2"; VariantName = "[No Variations]"
Change component parameters (AddParameter): Name = "Supplier"; Value = "Mouser"; VariantName = "[No Variations]"
Change component parameters (AddParameter): Name = "Supplier Part Number"; Value = "815-RJP11AMASABAEMU2"; VariantName = "[No Variations]"
Change component parameters: Designator = "J2" ("J2"); Footprint = "HDR1X4"; UniqueID = "\SIVQBWPR" ("\SIVQBWPR")
Change component parameters (AddParameter): Name = "Link"; Value = ""; VariantName = "[No Variations]"
Change component parameters: Designator = "J3" ("J3"); Footprint = "HDR1X3"; UniqueID = "\LJAAUNMA" ("\LJAAUNMA")
Change component parameters (AddParameter): Name = "Link"; Value = ""; VariantName = "[No Variations]"
Change component parameters: Designator = "J4" ("J4"); Footprint = "HDR1X2"; UniqueID = "\EFSBJTRO\FZKDAEUC" ("\EFSBJTRO\FZKDAEUC")
Change component parameters (AddParameter): Name = "Link"; Value = ""; VariantName = "[No Variations]"
Change component parameters: Designator = "J5" ("J5"); Footprint = "HDR1X2"; UniqueID = "\EFSBJTRO\NQUZXMYZ" ("\EFSBJTRO\NQUZXMYZ")
Change component parameters (AddParameter): Name = "Link"; Value = ""; VariantName = "[No Variations]"
Change component parameters: Designator = "J6" ("J6"); Footprint = "HDR1X2"; UniqueID = "\EFSBJTRO\IPZBEYAA" ("\EFSBJTRO\IPZBEYAA")
Change component parameters (AddParameter): Name = "Link"; Value = ""; VariantName = "[No Variations]"
Change component parameters: Designator = "L1" ("L1"); Footprint = "FP-DFE21CC_EL-MFG"; UniqueID = "\JMVPPRZX\NRBMXRHZ" ("\JMVPPRZX\NRBMXRHZ")
Change component parameters (AddParameter): Name = "Link"; Value = ""; VariantName = "[No Variations]"
Change component parameters: Designator = "Q1" ("Q1"); Footprint = "ONSC-SOT-23-3-318-08_V"; UniqueID = "\SEGIHNRV\SUHJUEJG" ("\SEGIHNRV\SUHJUEJG")
Change component parameters (AddParameter): Name = "Link"; Value = "https://jlcpcb.com/partdetail/Onsemi-MGSF2N02ELT1G/C236232"; VariantName = "[No Variations]"
Change component parameters (AddParameter): Name = "Manufacturer"; Value = "On Semiconductor"; VariantName = "[No Variations]"
Change component parameters (AddParameter): Name = "Manufacturer Part Number"; Value = "MGSF2N02ELT1G"; VariantName = "[No Variations]"
Change component parameters (AddParameter): Name = "Supplier"; Value = "JLCPCB"; VariantName = "[No Variations]"
Change component parameters (AddParameter): Name = "Supplier Part Number"; Value = "C236232"; VariantName = "[No Variations]"
Change component parameters: Designator = "Q2" ("Q2"); Footprint = "ONSC-SOT-23-3-318-08_V"; UniqueID = "\SEGIHNRV\ZMVSJLXK" ("\SEGIHNRV\ZMVSJLXK")
Change component parameters (AddParameter): Name = "Link"; Value = "https://jlcpcb.com/partdetail/Onsemi-MGSF2N02ELT1G/C236232"; VariantName = "[No Variations]"
Change component parameters (AddParameter): Name = "Manufacturer"; Value = "On Semiconductor"; VariantName = "[No Variations]"
Change component parameters (AddParameter): Name = "Manufacturer Part Number"; Value = "MGSF2N02ELT1G"; VariantName = "[No Variations]"
Change component parameters (AddParameter): Name = "Supplier"; Value = "JLCPCB"; VariantName = "[No Variations]"
Change component parameters (AddParameter): Name = "Supplier Part Number"; Value = "C236232"; VariantName = "[No Variations]"
Change component parameters: Designator = "R1" ("R1"); Footprint = "0603 - Resistor"; UniqueID = "\JPIGDUFS\HPMLZSIS" ("\JPIGDUFS\HPMLZSIS")
Change component parameters (AddParameter): Name = "Link"; Value = "https://jlcpcb.com/partdetail/21904-0603WAF1001T5E/C21190"; VariantName = "[No Variations]"
Change component parameters (AddParameter): Name = "Manufacturer"; Value = "UNI-ROYAL(Uniroyal Elec)"; VariantName = "[No Variations]"
Change component parameters (AddParameter): Name = "Manufacturer Part Number"; Value = "0603WAF1001T5E"; VariantName = "[No Variations]"
Change component parameters (AddParameter): Name = "Rating"; Value = "100mW"; VariantName = "[No Variations]"
Change component parameters (AddParameter): Name = "Supplier"; Value = "JLCPCB"; VariantName = "[No Variations]"
Change component parameters (AddParameter): Name = "Supplier Part Number"; Value = "C21190"; VariantName = "[No Variations]"
Change component parameters (AddParameter): Name = "Value"; Value = "1k"; VariantName = "[No Variations]"
Change component parameters: Designator = "R2" ("R2"); Footprint = "0603 - Resistor"; UniqueID = "\JPIGDUFS\VGLXVIRB" ("\JPIGDUFS\VGLXVIRB")
Change component parameters (AddParameter): Name = "Link"; Value = "https://jlcpcb.com/partdetail/21904-0603WAF1001T5E/C21190"; VariantName = "[No Variations]"
Change component parameters (AddParameter): Name = "Manufacturer"; Value = "UNI-ROYAL(Uniroyal Elec)"; VariantName = "[No Variations]"
Change component parameters (AddParameter): Name = "Manufacturer Part Number"; Value = "0603WAF1001T5E"; VariantName = "[No Variations]"
Change component parameters (AddParameter): Name = "Rating"; Value = "100mW"; VariantName = "[No Variations]"
Change component parameters (AddParameter): Name = "Supplier"; Value = "JLCPCB"; VariantName = "[No Variations]"
Change component parameters (AddParameter): Name = "Supplier Part Number"; Value = "C21190"; VariantName = "[No Variations]"
Change component parameters (AddParameter): Name = "Value"; Value = "1k"; VariantName = "[No Variations]"
Change component parameters: Designator = "R3" ("R3"); Footprint = "0603 - Resistor"; UniqueID = "\JPIGDUFS\KLDFLKMR" ("\JPIGDUFS\KLDFLKMR")
Change component parameters (AddParameter): Name = "Link"; Value = "https://jlcpcb.com/partdetail/23912-0603WAF499JT5E/C23185"; VariantName = "[No Variations]"
Change component parameters (AddParameter): Name = "Manufacturer"; Value = "UNI-ROYAL(Uniroyal Elec)"; VariantName = "[No Variations]"
Change component parameters (AddParameter): Name = "Manufacturer Part Number"; Value = "0603WAF499JT5E"; VariantName = "[No Variations]"
Change component parameters (AddParameter): Name = "Rating"; Value = "100mW"; VariantName = "[No Variations]"
Change component parameters (AddParameter): Name = "Supplier"; Value = "JLCPCB"; VariantName = "[No Variations]"
Change component parameters (AddParameter): Name = "Supplier Part Number"; Value = "C23185"; VariantName = "[No Variations]"
Change component parameters (AddParameter): Name = "Value"; Value = "49.9"; VariantName = "[No Variations]"
Change component parameters: Designator = "R4" ("R4"); Footprint = "0603 - Resistor"; UniqueID = "\JPIGDUFS\IJXYMEZP" ("\JPIGDUFS\IJXYMEZP")
Change component parameters (AddParameter): Name = "Link"; Value = "https://jlcpcb.com/partdetail/23867-0603WAF330JT5E/C23140"; VariantName = "[No Variations]"
Change component parameters (AddParameter): Name = "Manufacturer"; Value = "UNI-ROYAL(Uniroyal Elec)"; VariantName = "[No Variations]"
Change component parameters (AddParameter): Name = "Manufacturer Part Number"; Value = "0603WAF330JT5E"; VariantName = "[No Variations]"
Change component parameters (AddParameter): Name = "Rating"; Value = "100mW"; VariantName = "[No Variations]"
Change component parameters (AddParameter): Name = "Supplier"; Value = "JLCPCB"; VariantName = "[No Variations]"
Change component parameters (AddParameter): Name = "Supplier Part Number"; Value = "C23140"; VariantName = "[No Variations]"
Change component parameters (AddParameter): Name = "Value"; Value = "33"; VariantName = "[No Variations]"
Change component parameters: Designator = "R5" ("R5"); Footprint = "0603 - Resistor"; UniqueID = "\JPIGDUFS\OSTCJKSS" ("\JPIGDUFS\OSTCJKSS")
Change component parameters (AddParameter): Name = "Link"; Value = "https://jlcpcb.com/partdetail/23586-0603WAF100JT5E/C22859"; VariantName = "[No Variations]"
Change component parameters (AddParameter): Name = "Manufacturer"; Value = "UNI-ROYAL(Uniroyal Elec)"; VariantName = "[No Variations]"
Change component parameters (AddParameter): Name = "Manufacturer Part Number"; Value = "0603WAF100JT5E"; VariantName = "[No Variations]"
Change component parameters (AddParameter): Name = "Rating"; Value = "100mW"; VariantName = "[No Variations]"
Change component parameters (AddParameter): Name = "Supplier"; Value = "JLCPCB"; VariantName = "[No Variations]"
Change component parameters (AddParameter): Name = "Supplier Part Number"; Value = "C22859"; VariantName = "[No Variations]"
Change component parameters (AddParameter): Name = "Value"; Value = "10"; VariantName = "[No Variations]"
Change component parameters: Designator = "R6" ("R6"); Footprint = "0603 - Resistor"; UniqueID = "\JPIGDUFS\VPABHJYZ" ("\JPIGDUFS\VPABHJYZ")
Change component parameters (AddParameter): Name = "Link"; Value = "https://jlcpcb.com/partdetail/23867-0603WAF330JT5E/C23140"; VariantName = "[No Variations]"
Change component parameters (AddParameter): Name = "Manufacturer"; Value = "UNI-ROYAL(Uniroyal Elec)"; VariantName = "[No Variations]"
Change component parameters (AddParameter): Name = "Manufacturer Part Number"; Value = "0603WAF330JT5E"; VariantName = "[No Variations]"
Change component parameters (AddParameter): Name = "Rating"; Value = "100mW"; VariantName = "[No Variations]"
Change component parameters (AddParameter): Name = "Supplier"; Value = "JLCPCB"; VariantName = "[No Variations]"
Change component parameters (AddParameter): Name = "Supplier Part Number"; Value = "C23140"; VariantName = "[No Variations]"
Change component parameters (AddParameter): Name = "Value"; Value = "33"; VariantName = "[No Variations]"
Change component parameters: Designator = "R7" ("R7"); Footprint = "0603 - Resistor"; UniqueID = "\JPIGDUFS\CBMYMWGD" ("\JPIGDUFS\CBMYMWGD")
Change component parameters (AddParameter): Name = "Link"; Value = "https://jlcpcb.com/partdetail/23912-0603WAF499JT5E/C23185"; VariantName = "[No Variations]"
Change component parameters (AddParameter): Name = "Manufacturer"; Value = "UNI-ROYAL(Uniroyal Elec)"; VariantName = "[No Variations]"
Change component parameters (AddParameter): Name = "Manufacturer Part Number"; Value = "0603WAF499JT5E"; VariantName = "[No Variations]"
Change component parameters (AddParameter): Name = "Rating"; Value = "100mW"; VariantName = "[No Variations]"
Change component parameters (AddParameter): Name = "Supplier"; Value = "JLCPCB"; VariantName = "[No Variations]"
Change component parameters (AddParameter): Name = "Supplier Part Number"; Value = "C23185"; VariantName = "[No Variations]"
Change component parameters (AddParameter): Name = "Value"; Value = "49.9"; VariantName = "[No Variations]"
Change component parameters: Designator = "R8" ("R8"); Footprint = "0603 - Resistor"; UniqueID = "\JPIGDUFS\JMKEYQPH" ("\JPIGDUFS\JMKEYQPH")
Change component parameters (AddParameter): Name = "Link"; Value = "https://jlcpcb.com/partdetail/23912-0603WAF499JT5E/C23185"; VariantName = "[No Variations]"
Change component parameters (AddParameter): Name = "Manufacturer"; Value = "UNI-ROYAL(Uniroyal Elec)"; VariantName = "[No Variations]"
Change component parameters (AddParameter): Name = "Manufacturer Part Number"; Value = "0603WAF499JT5E"; VariantName = "[No Variations]"
Change component parameters (AddParameter): Name = "Rating"; Value = "100mW"; VariantName = "[No Variations]"
Change component parameters (AddParameter): Name = "Supplier"; Value = "JLCPCB"; VariantName = "[No Variations]"
Change component parameters (AddParameter): Name = "Supplier Part Number"; Value = "C23185"; VariantName = "[No Variations]"
Change component parameters (AddParameter): Name = "Value"; Value = "49.9"; VariantName = "[No Variations]"
Change component parameters: Designator = "R9" ("R9"); Footprint = "0603 - Resistor"; UniqueID = "\JPIGDUFS\BNJYJQDG" ("\JPIGDUFS\BNJYJQDG")
Change component parameters (AddParameter): Name = "Link"; Value = "https://jlcpcb.com/partdetail/23867-0603WAF330JT5E/C23140"; VariantName = "[No Variations]"
Change component parameters (AddParameter): Name = "Manufacturer"; Value = "UNI-ROYAL(Uniroyal Elec)"; VariantName = "[No Variations]"
Change component parameters (AddParameter): Name = "Manufacturer Part Number"; Value = "0603WAF330JT5E"; VariantName = "[No Variations]"
Change component parameters (AddParameter): Name = "Rating"; Value = "100mW"; VariantName = "[No Variations]"
Change component parameters (AddParameter): Name = "Supplier"; Value = "JLCPCB"; VariantName = "[No Variations]"
Change component parameters (AddParameter): Name = "Supplier Part Number"; Value = "C23140"; VariantName = "[No Variations]"
Change component parameters (AddParameter): Name = "Value"; Value = "33"; VariantName = "[No Variations]"
Change component parameters: Designator = "R10" ("R10"); Footprint = "0603 - Resistor"; UniqueID = "\JPIGDUFS\PZGFVXGF" ("\JPIGDUFS\PZGFVXGF")
Change component parameters (AddParameter): Name = "Link"; Value = "https://jlcpcb.com/partdetail/21903-0603WAF0000T5E/C21189"; VariantName = "[No Variations]"
Change component parameters (AddParameter): Name = "Manufacturer"; Value = "UNI-ROYAL(Uniroyal Elec)"; VariantName = "[No Variations]"
Change component parameters (AddParameter): Name = "Manufacturer Part Number"; Value = "0603WAF0000T5E"; VariantName = "[No Variations]"
Change component parameters (AddParameter): Name = "Rating"; Value = "100mW"; VariantName = "[No Variations]"
Change component parameters (AddParameter): Name = "Supplier"; Value = "JLCPCB"; VariantName = "[No Variations]"
Change component parameters (AddParameter): Name = "Supplier Part Number"; Value = "C21189"; VariantName = "[No Variations]"
Change component parameters (AddParameter): Name = "Value"; Value = "0"; VariantName = "[No Variations]"
Change component parameters: Designator = "R11" ("R11"); Footprint = "0603 - Resistor"; UniqueID = "\JPIGDUFS\SGPKPSMM" ("\JPIGDUFS\SGPKPSMM")
Change component parameters (AddParameter): Name = "Link"; Value = "https://jlcpcb.com/partdetail/23867-0603WAF330JT5E/C23140"; VariantName = "[No Variations]"
Change component parameters (AddParameter): Name = "Manufacturer"; Value = "UNI-ROYAL(Uniroyal Elec)"; VariantName = "[No Variations]"
Change component parameters (AddParameter): Name = "Manufacturer Part Number"; Value = "0603WAF330JT5E"; VariantName = "[No Variations]"
Change component parameters (AddParameter): Name = "Rating"; Value = "100mW"; VariantName = "[No Variations]"
Change component parameters (AddParameter): Name = "Supplier"; Value = "JLCPCB"; VariantName = "[No Variations]"
Change component parameters (AddParameter): Name = "Supplier Part Number"; Value = "C23140"; VariantName = "[No Variations]"
Change component parameters (AddParameter): Name = "Value"; Value = "33"; VariantName = "[No Variations]"
Change component parameters: Designator = "R12" ("R12"); Footprint = "0603 - Resistor"; UniqueID = "\JPIGDUFS\PMPTYQGO" ("\JPIGDUFS\PMPTYQGO")
Change component parameters (AddParameter): Name = "Link"; Value = "https://jlcpcb.com/partdetail/23912-0603WAF499JT5E/C23185"; VariantName = "[No Variations]"
Change component parameters (AddParameter): Name = "Manufacturer"; Value = "UNI-ROYAL(Uniroyal Elec)"; VariantName = "[No Variations]"
Change component parameters (AddParameter): Name = "Manufacturer Part Number"; Value = "0603WAF499JT5E"; VariantName = "[No Variations]"
Change component parameters (AddParameter): Name = "Rating"; Value = "100mW"; VariantName = "[No Variations]"
Change component parameters (AddParameter): Name = "Supplier"; Value = "JLCPCB"; VariantName = "[No Variations]"
Change component parameters (AddParameter): Name = "Supplier Part Number"; Value = "C23185"; VariantName = "[No Variations]"
Change component parameters (AddParameter): Name = "Value"; Value = "49.9"; VariantName = "[No Variations]"
Change component parameters: Designator = "R13" ("R13"); Footprint = "0603 - Resistor"; UniqueID = "\JMVPPRZX\QCEQBIRZ" ("\JMVPPRZX\QCEQBIRZ")
Change component parameters (AddParameter): Name = "Link"; Value = "https://jlcpcb.com/partdetail/21904-0603WAF1001T5E/C21190"; VariantName = "[No Variations]"
Change component parameters (AddParameter): Name = "Manufacturer"; Value = "UNI-ROYAL(Uniroyal Elec)"; VariantName = "[No Variations]"
Change component parameters (AddParameter): Name = "Manufacturer Part Number"; Value = "0603WAF1001T5E"; VariantName = "[No Variations]"
Change component parameters (AddParameter): Name = "Rating"; Value = "100mW"; VariantName = "[No Variations]"
Change component parameters (AddParameter): Name = "Supplier"; Value = "JLCPCB"; VariantName = "[No Variations]"
Change component parameters (AddParameter): Name = "Supplier Part Number"; Value = "C21190"; VariantName = "[No Variations]"
Change component parameters (AddParameter): Name = "Value"; Value = "1k"; VariantName = "[No Variations]"
Change component parameters: Designator = "R14" ("R14"); Footprint = "0603 - Resistor"; UniqueID = "\SEGIHNRV\WLSPUNGX" ("\SEGIHNRV\WLSPUNGX")
Change component parameters (AddParameter): Name = "Link"; Value = "https://jlcpcb.com/partdetail/21904-0603WAF1001T5E/C21190"; VariantName = "[No Variations]"
Change component parameters (AddParameter): Name = "Manufacturer"; Value = "UNI-ROYAL(Uniroyal Elec)"; VariantName = "[No Variations]"
Change component parameters (AddParameter): Name = "Manufacturer Part Number"; Value = "0603WAF1001T5E"; VariantName = "[No Variations]"
Change component parameters (AddParameter): Name = "Rating"; Value = "100mW"; VariantName = "[No Variations]"
Change component parameters (AddParameter): Name = "Supplier"; Value = "JLCPCB"; VariantName = "[No Variations]"
Change component parameters (AddParameter): Name = "Supplier Part Number"; Value = "C21190"; VariantName = "[No Variations]"
Change component parameters (AddParameter): Name = "Value"; Value = "1k"; VariantName = "[No Variations]"
Change component parameters: Designator = "R15" ("R15"); Footprint = "0603 - Resistor"; UniqueID = "\SEGIHNRV\WAITXUMN" ("\SEGIHNRV\WAITXUMN")
Change component parameters (AddParameter): Name = "Link"; Value = "https://jlcpcb.com/partdetail/21904-0603WAF1001T5E/C21190"; VariantName = "[No Variations]"
Change component parameters (AddParameter): Name = "Manufacturer"; Value = "UNI-ROYAL(Uniroyal Elec)"; VariantName = "[No Variations]"
Change component parameters (AddParameter): Name = "Manufacturer Part Number"; Value = "0603WAF1001T5E"; VariantName = "[No Variations]"
Change component parameters (AddParameter): Name = "Rating"; Value = "100mW"; VariantName = "[No Variations]"
Change component parameters (AddParameter): Name = "Supplier"; Value = "JLCPCB"; VariantName = "[No Variations]"
Change component parameters (AddParameter): Name = "Supplier Part Number"; Value = "C21190"; VariantName = "[No Variations]"
Change component parameters (AddParameter): Name = "Value"; Value = "1k"; VariantName = "[No Variations]"
Change component parameters: Designator = "R16" ("R16"); Footprint = "0603 - Resistor"; UniqueID = "\SEGIHNRV\JQFGFLJB" ("\SEGIHNRV\JQFGFLJB")
Change component parameters (AddParameter): Name = "Link"; Value = "https://jlcpcb.com/partdetail/21904-0603WAF1001T5E/C21190"; VariantName = "[No Variations]"
Change component parameters (AddParameter): Name = "Manufacturer"; Value = "UNI-ROYAL(Uniroyal Elec)"; VariantName = "[No Variations]"
Change component parameters (AddParameter): Name = "Manufacturer Part Number"; Value = "0603WAF1001T5E"; VariantName = "[No Variations]"
Change component parameters (AddParameter): Name = "Rating"; Value = "100mW"; VariantName = "[No Variations]"
Change component parameters (AddParameter): Name = "Supplier"; Value = "JLCPCB"; VariantName = "[No Variations]"
Change component parameters (AddParameter): Name = "Supplier Part Number"; Value = "C21190"; VariantName = "[No Variations]"
Change component parameters (AddParameter): Name = "Value"; Value = "1k"; VariantName = "[No Variations]"
Change component parameters: Designator = "R17" ("R17"); Footprint = "0603 - Resistor"; UniqueID = "\SEGIHNRV\GRSIFDNU" ("\SEGIHNRV\GRSIFDNU")
Change component parameters (AddParameter): Name = "Link"; Value = "https://jlcpcb.com/partdetail/21904-0603WAF1001T5E/C21190"; VariantName = "[No Variations]"
Change component parameters (AddParameter): Name = "Manufacturer"; Value = "UNI-ROYAL(Uniroyal Elec)"; VariantName = "[No Variations]"
Change component parameters (AddParameter): Name = "Manufacturer Part Number"; Value = "0603WAF1001T5E"; VariantName = "[No Variations]"
Change component parameters (AddParameter): Name = "Rating"; Value = "100mW"; VariantName = "[No Variations]"
Change component parameters (AddParameter): Name = "Supplier"; Value = "JLCPCB"; VariantName = "[No Variations]"
Change component parameters (AddParameter): Name = "Supplier Part Number"; Value = "C21190"; VariantName = "[No Variations]"
Change component parameters (AddParameter): Name = "Value"; Value = "1k"; VariantName = "[No Variations]"
Change component parameters: Designator = "R18" ("R18"); Footprint = "0603 - Resistor"; UniqueID = "\SEGIHNRV\YRFFPAAL" ("\SEGIHNRV\YRFFPAAL")
Change component parameters (AddParameter): Name = "Link"; Value = ""; VariantName = "[No Variations]"
Change component parameters (AddParameter): Name = "Manufacturer"; Value = ""; VariantName = "[No Variations]"
Change component parameters (AddParameter): Name = "Manufacturer Part Number"; Value = ""; VariantName = "[No Variations]"
Change component parameters (AddParameter): Name = "Rating"; Value = ""; VariantName = "[No Variations]"
Change component parameters (AddParameter): Name = "Supplier"; Value = ""; VariantName = "[No Variations]"
Change component parameters (AddParameter): Name = "Supplier Part Number"; Value = ""; VariantName = "[No Variations]"
Change component parameters (AddParameter): Name = "Value"; Value = "DNP"; VariantName = "[No Variations]"
Change component parameters: Designator = "R19" ("R19"); Footprint = "0603 - Resistor"; UniqueID = "\SEGIHNRV\EMAPQECF" ("\SEGIHNRV\EMAPQECF")
Change component parameters (AddParameter): Name = "Link"; Value = ""; VariantName = "[No Variations]"
Change component parameters (AddParameter): Name = "Manufacturer"; Value = ""; VariantName = "[No Variations]"
Change component parameters (AddParameter): Name = "Manufacturer Part Number"; Value = ""; VariantName = "[No Variations]"
Change component parameters (AddParameter): Name = "Rating"; Value = ""; VariantName = "[No Variations]"
Change component parameters (AddParameter): Name = "Supplier"; Value = ""; VariantName = "[No Variations]"
Change component parameters (AddParameter): Name = "Supplier Part Number"; Value = ""; VariantName = "[No Variations]"
Change component parameters (AddParameter): Name = "Value"; Value = "DNP"; VariantName = "[No Variations]"
Change component parameters: Designator = "R20" ("R20"); Footprint = "0603 - Resistor"; UniqueID = "\SEGIHNRV\VLERLJEI" ("\SEGIHNRV\VLERLJEI")
Change component parameters (AddParameter): Name = "Link"; Value = "https://jlcpcb.com/partdetail/21904-0603WAF1001T5E/C21190"; VariantName = "[No Variations]"
Change component parameters (AddParameter): Name = "Manufacturer"; Value = "UNI-ROYAL(Uniroyal Elec)"; VariantName = "[No Variations]"
Change component parameters (AddParameter): Name = "Manufacturer Part Number"; Value = "0603WAF1001T5E"; VariantName = "[No Variations]"
Change component parameters (AddParameter): Name = "Rating"; Value = "100mW"; VariantName = "[No Variations]"
Change component parameters (AddParameter): Name = "Supplier"; Value = "JLCPCB"; VariantName = "[No Variations]"
Change component parameters (AddParameter): Name = "Supplier Part Number"; Value = "C21190"; VariantName = "[No Variations]"
Change component parameters (AddParameter): Name = "Value"; Value = "1k"; VariantName = "[No Variations]"
Change component parameters: Designator = "R21" ("R21"); Footprint = "0603 - Resistor"; UniqueID = "\SEGIHNRV\ZMYFKFQT" ("\SEGIHNRV\ZMYFKFQT")
Change component parameters (AddParameter): Name = "Link"; Value = "https://jlcpcb.com/partdetail/21904-0603WAF1001T5E/C21190"; VariantName = "[No Variations]"
Change component parameters (AddParameter): Name = "Manufacturer"; Value = "UNI-ROYAL(Uniroyal Elec)"; VariantName = "[No Variations]"
Change component parameters (AddParameter): Name = "Manufacturer Part Number"; Value = "0603WAF1001T5E"; VariantName = "[No Variations]"
Change component parameters (AddParameter): Name = "Rating"; Value = "100mW"; VariantName = "[No Variations]"
Change component parameters (AddParameter): Name = "Supplier"; Value = "JLCPCB"; VariantName = "[No Variations]"
Change component parameters (AddParameter): Name = "Supplier Part Number"; Value = "C21190"; VariantName = "[No Variations]"
Change component parameters (AddParameter): Name = "Value"; Value = "1k"; VariantName = "[No Variations]"
Change component parameters: Designator = "R22" ("R22"); Footprint = "0603 - Resistor"; UniqueID = "\SEGIHNRV\DXHUNXUU" ("\SEGIHNRV\DXHUNXUU")
Change component parameters (AddParameter): Name = "Link"; Value = "https://jlcpcb.com/partdetail/26546-0603WAF1003T5E/C25803"; VariantName = "[No Variations]"
Change component parameters (AddParameter): Name = "Manufacturer"; Value = "UNI-ROYAL(Uniroyal Elec)"; VariantName = "[No Variations]"
Change component parameters (AddParameter): Name = "Manufacturer Part Number"; Value = "0603WAF1003T5E"; VariantName = "[No Variations]"
Change component parameters (AddParameter): Name = "Rating"; Value = "100mW"; VariantName = "[No Variations]"
Change component parameters (AddParameter): Name = "Supplier"; Value = "JLCPCB"; VariantName = "[No Variations]"
Change component parameters (AddParameter): Name = "Supplier Part Number"; Value = "C25803"; VariantName = "[No Variations]"
Change component parameters (AddParameter): Name = "Value"; Value = "100k"; VariantName = "[No Variations]"
Change component parameters: Designator = "R23" ("R23"); Footprint = "0603 - Resistor"; UniqueID = "\SEGIHNRV\XDYXTXBK" ("\SEGIHNRV\XDYXTXBK")
Change component parameters (AddParameter): Name = "Link"; Value = "https://jlcpcb.com/partdetail/26546-0603WAF1003T5E/C25803"; VariantName = "[No Variations]"
Change component parameters (AddParameter): Name = "Manufacturer"; Value = "UNI-ROYAL(Uniroyal Elec)"; VariantName = "[No Variations]"
Change component parameters (AddParameter): Name = "Manufacturer Part Number"; Value = "0603WAF1003T5E"; VariantName = "[No Variations]"
Change component parameters (AddParameter): Name = "Rating"; Value = "100mW"; VariantName = "[No Variations]"
Change component parameters (AddParameter): Name = "Supplier"; Value = "JLCPCB"; VariantName = "[No Variations]"
Change component parameters (AddParameter): Name = "Supplier Part Number"; Value = "C25803"; VariantName = "[No Variations]"
Change component parameters (AddParameter): Name = "Value"; Value = "100k"; VariantName = "[No Variations]"
Change component parameters: Designator = "R24" ("R24"); Footprint = "0603 - Resistor"; UniqueID = "\EFSBJTRO\EHYYTDOW" ("\EFSBJTRO\EHYYTDOW")
Change component parameters (AddParameter): Name = "Link"; Value = "https://jlcpcb.com/partdetail/23662-0603WAF1004T5E/C22935"; VariantName = "[No Variations]"
Change component parameters (AddParameter): Name = "Manufacturer"; Value = "UNI-ROYAL(Uniroyal Elec)"; VariantName = "[No Variations]"
Change component parameters (AddParameter): Name = "Manufacturer Part Number"; Value = "0603WAF1004T5E"; VariantName = "[No Variations]"
Change component parameters (AddParameter): Name = "Rating"; Value = "100mW"; VariantName = "[No Variations]"
Change component parameters (AddParameter): Name = "Supplier"; Value = "JLCPCB"; VariantName = "[No Variations]"
Change component parameters (AddParameter): Name = "Supplier Part Number"; Value = "C22935"; VariantName = "[No Variations]"
Change component parameters (AddParameter): Name = "Value"; Value = "1M"; VariantName = "[No Variations]"
Change component parameters: Designator = "R25" ("R25"); Footprint = "0603 - Resistor"; UniqueID = "\EFSBJTRO\BSTBAHTR" ("\EFSBJTRO\BSTBAHTR")
Change component parameters (AddParameter): Name = "Link"; Value = "https://jlcpcb.com/partdetail/26547-0603WAF1002T5E/C25804"; VariantName = "[No Variations]"
Change component parameters (AddParameter): Name = "Manufacturer"; Value = "UNI-ROYAL(Uniroyal Elec)"; VariantName = "[No Variations]"
Change component parameters (AddParameter): Name = "Manufacturer Part Number"; Value = "0603WAF1002T5E"; VariantName = "[No Variations]"
Change component parameters (AddParameter): Name = "Rating"; Value = "100mW"; VariantName = "[No Variations]"
Change component parameters (AddParameter): Name = "Supplier"; Value = "JLCPCB"; VariantName = "[No Variations]"
Change component parameters (AddParameter): Name = "Supplier Part Number"; Value = "C25804"; VariantName = "[No Variations]"
Change component parameters (AddParameter): Name = "Value"; Value = "10k"; VariantName = "[No Variations]"
Change component parameters: Designator = "R26" ("R26"); Footprint = "0603 - Resistor"; UniqueID = "\EFSBJTRO\YTKXSIOD" ("\EFSBJTRO\YTKXSIOD")
Change component parameters (AddParameter): Name = "Link"; Value = "https://jlcpcb.com/partdetail/26547-0603WAF1002T5E/C25804"; VariantName = "[No Variations]"
Change component parameters (AddParameter): Name = "Manufacturer"; Value = "UNI-ROYAL(Uniroyal Elec)"; VariantName = "[No Variations]"
Change component parameters (AddParameter): Name = "Manufacturer Part Number"; Value = "0603WAF1002T5E"; VariantName = "[No Variations]"
Change component parameters (AddParameter): Name = "Rating"; Value = "100mW"; VariantName = "[No Variations]"
Change component parameters (AddParameter): Name = "Supplier"; Value = "JLCPCB"; VariantName = "[No Variations]"
Change component parameters (AddParameter): Name = "Supplier Part Number"; Value = "C25804"; VariantName = "[No Variations]"
Change component parameters (AddParameter): Name = "Value"; Value = "10k"; VariantName = "[No Variations]"
Change component parameters: Designator = "R27" ("R27"); Footprint = "0603 - Resistor"; UniqueID = "\EFSBJTRO\EUWDVAFS" ("\EFSBJTRO\EUWDVAFS")
Change component parameters (AddParameter): Name = "Link"; Value = "https://jlcpcb.com/partdetail/23667-0603WAF2401T5E/C22940"; VariantName = "[No Variations]"
Change component parameters (AddParameter): Name = "Manufacturer"; Value = "UNI-ROYAL(Uniroyal Elec)"; VariantName = "[No Variations]"
Change component parameters (AddParameter): Name = "Manufacturer Part Number"; Value = "0603WAF2401T5E"; VariantName = "[No Variations]"
Change component parameters (AddParameter): Name = "Rating"; Value = "100mW"; VariantName = "[No Variations]"
Change component parameters (AddParameter): Name = "Supplier"; Value = "JLCPCB"; VariantName = "[No Variations]"
Change component parameters (AddParameter): Name = "Supplier Part Number"; Value = "C22940"; VariantName = "[No Variations]"
Change component parameters (AddParameter): Name = "Value"; Value = "2.4k"; VariantName = "[No Variations]"
Change component parameters: Designator = "R28" ("R28"); Footprint = "0603 - Resistor"; UniqueID = "\EFSBJTRO\RROOPCJX" ("\EFSBJTRO\RROOPCJX")
Change component parameters (AddParameter): Name = "Link"; Value = "https://jlcpcb.com/partdetail/26547-0603WAF1002T5E/C25804"; VariantName = "[No Variations]"
Change component parameters (AddParameter): Name = "Manufacturer"; Value = "UNI-ROYAL(Uniroyal Elec)"; VariantName = "[No Variations]"
Change component parameters (AddParameter): Name = "Manufacturer Part Number"; Value = "0603WAF1002T5E"; VariantName = "[No Variations]"
Change component parameters (AddParameter): Name = "Rating"; Value = "100mW"; VariantName = "[No Variations]"
Change component parameters (AddParameter): Name = "Supplier"; Value = "JLCPCB"; VariantName = "[No Variations]"
Change component parameters (AddParameter): Name = "Supplier Part Number"; Value = "C25804"; VariantName = "[No Variations]"
Change component parameters (AddParameter): Name = "Value"; Value = "10k"; VariantName = "[No Variations]"
Change component parameters: Designator = "R29" ("R29"); Footprint = "0603 - Resistor"; UniqueID = "\EFSBJTRO\GRHVAVDK" ("\EFSBJTRO\GRHVAVDK")
Change component parameters (AddParameter): Name = "Link"; Value = "https://jlcpcb.com/partdetail/26547-0603WAF1002T5E/C25804"; VariantName = "[No Variations]"
Change component parameters (AddParameter): Name = "Manufacturer"; Value = "UNI-ROYAL(Uniroyal Elec)"; VariantName = "[No Variations]"
Change component parameters (AddParameter): Name = "Manufacturer Part Number"; Value = "0603WAF1002T5E"; VariantName = "[No Variations]"
Change component parameters (AddParameter): Name = "Rating"; Value = "100mW"; VariantName = "[No Variations]"
Change component parameters (AddParameter): Name = "Supplier"; Value = "JLCPCB"; VariantName = "[No Variations]"
Change component parameters (AddParameter): Name = "Supplier Part Number"; Value = "C25804"; VariantName = "[No Variations]"
Change component parameters (AddParameter): Name = "Value"; Value = "10k"; VariantName = "[No Variations]"
Change component parameters: Designator = "R30" ("R30"); Footprint = "0603 - Resistor"; UniqueID = "\EFSBJTRO\DNWHXZVQ" ("\EFSBJTRO\DNWHXZVQ")
Change component parameters (AddParameter): Name = "Link"; Value = "https://jlcpcb.com/partdetail/26547-0603WAF1002T5E/C25804"; VariantName = "[No Variations]"
Change component parameters (AddParameter): Name = "Manufacturer"; Value = "UNI-ROYAL(Uniroyal Elec)"; VariantName = "[No Variations]"
Change component parameters (AddParameter): Name = "Manufacturer Part Number"; Value = "0603WAF1002T5E"; VariantName = "[No Variations]"
Change component parameters (AddParameter): Name = "Rating"; Value = "100mW"; VariantName = "[No Variations]"
Change component parameters (AddParameter): Name = "Supplier"; Value = "JLCPCB"; VariantName = "[No Variations]"
Change component parameters (AddParameter): Name = "Supplier Part Number"; Value = "C25804"; VariantName = "[No Variations]"
Change component parameters (AddParameter): Name = "Value"; Value = "10k"; VariantName = "[No Variations]"
Change component parameters: Designator = "R31" ("R31"); Footprint = "0603 - Resistor"; UniqueID = "\EFSBJTRO\KKTJQDKD" ("\EFSBJTRO\KKTJQDKD")
Change component parameters (AddParameter): Name = "Link"; Value = "https://jlcpcb.com/partdetail/26547-0603WAF1002T5E/C25804"; VariantName = "[No Variations]"
Change component parameters (AddParameter): Name = "Manufacturer"; Value = "UNI-ROYAL(Uniroyal Elec)"; VariantName = "[No Variations]"
Change component parameters (AddParameter): Name = "Manufacturer Part Number"; Value = "0603WAF1002T5E"; VariantName = "[No Variations]"
Change component parameters (AddParameter): Name = "Rating"; Value = "100mW"; VariantName = "[No Variations]"
Change component parameters (AddParameter): Name = "Supplier"; Value = "JLCPCB"; VariantName = "[No Variations]"
Change component parameters (AddParameter): Name = "Supplier Part Number"; Value = "C25804"; VariantName = "[No Variations]"
Change component parameters (AddParameter): Name = "Value"; Value = "10k"; VariantName = "[No Variations]"
Change component parameters: Designator = "R32" ("R32"); Footprint = "0603 - Resistor"; UniqueID = "\EFSBJTRO\VNPRJIRW" ("\EFSBJTRO\VNPRJIRW")
Change component parameters (AddParameter): Name = "Link"; Value = ""; VariantName = "[No Variations]"
Change component parameters (AddParameter): Name = "Manufacturer"; Value = ""; VariantName = "[No Variations]"
Change component parameters (AddParameter): Name = "Manufacturer Part Number"; Value = ""; VariantName = "[No Variations]"
Change component parameters (AddParameter): Name = "Rating"; Value = ""; VariantName = "[No Variations]"
Change component parameters (AddParameter): Name = "Supplier"; Value = ""; VariantName = "[No Variations]"
Change component parameters (AddParameter): Name = "Supplier Part Number"; Value = ""; VariantName = "[No Variations]"
Change component parameters (AddParameter): Name = "Value"; Value = "DNP"; VariantName = "[No Variations]"
Change component parameters: Designator = "R33" ("R33"); Footprint = "0603 - Resistor"; UniqueID = "\EFSBJTRO\HBNAXLAI" ("\EFSBJTRO\HBNAXLAI")
Change component parameters (AddParameter): Name = "Link"; Value = "https://jlcpcb.com/partdetail/26547-0603WAF1002T5E/C25804"; VariantName = "[No Variations]"
Change component parameters (AddParameter): Name = "Manufacturer"; Value = "UNI-ROYAL(Uniroyal Elec)"; VariantName = "[No Variations]"
Change component parameters (AddParameter): Name = "Manufacturer Part Number"; Value = "0603WAF1002T5E"; VariantName = "[No Variations]"
Change component parameters (AddParameter): Name = "Rating"; Value = "100mW"; VariantName = "[No Variations]"
Change component parameters (AddParameter): Name = "Supplier"; Value = "JLCPCB"; VariantName = "[No Variations]"
Change component parameters (AddParameter): Name = "Supplier Part Number"; Value = "C25804"; VariantName = "[No Variations]"
Change component parameters (AddParameter): Name = "Value"; Value = "10k"; VariantName = "[No Variations]"
Change component parameters: Designator = "S1" ("S1"); Footprint = "SW_TS-1187A-B-A-B"; UniqueID = "\SEGIHNRV\GFYGRUSA" ("\SEGIHNRV\GFYGRUSA")
Change component parameters (AddParameter): Name = "Link"; Value = "https://jlcpcb.com/partdetail/XkbConnectivity-TS_1187A_B_AB/C318884"; VariantName = "[No Variations]"
Change component parameters (AddParameter): Name = "Manufacturer"; Value = "XKB Connectivity"; VariantName = "[No Variations]"
Change component parameters (AddParameter): Name = "Manufacturer Part Number"; Value = "TS-1187A-B-A-B"; VariantName = "[No Variations]"
Change component parameters (AddParameter): Name = "Supplier"; Value = "JLCPCB"; VariantName = "[No Variations]"
Change component parameters (AddParameter): Name = "Supplier Part Number"; Value = "TS-1187A-B-A-B"; VariantName = "[No Variations]"
Change component parameters (AddParameter): Name = "Value"; Value = ""; VariantName = "[No Variations]"
Change component parameters: Designator = "S2" ("S2"); Footprint = "SW_TS-1187A-B-A-B"; UniqueID = "\SEGIHNRV\NNUNEYDN" ("\SEGIHNRV\NNUNEYDN")
Change component parameters (AddParameter): Name = "Link"; Value = ""; VariantName = "[No Variations]"
Change component parameters (AddParameter): Name = "Manufacturer"; Value = "XKB Connectivity"; VariantName = "[No Variations]"
Change component parameters (AddParameter): Name = "Manufacturer Part Number"; Value = "TS-1187A-B-A-B"; VariantName = "[No Variations]"
Change component parameters (AddParameter): Name = "Supplier"; Value = "JLCPCB"; VariantName = "[No Variations]"
Change component parameters (AddParameter): Name = "Supplier Part Number"; Value = "TS-1187A-B-A-B"; VariantName = "[No Variations]"
Change component parameters (AddParameter): Name = "Value"; Value = ""; VariantName = "[No Variations]"
Change component parameters: Designator = "U1" ("U1"); Footprint = "Ag9900m"; UniqueID = "\JMVPPRZX\VJUGRBDY" ("\JMVPPRZX\VJUGRBDY")
Change component parameters (AddParameter): Name = "Link"; Value = "https://www.mouser.ca/ProductDetail/Silvertel/Ag9905M?qs=OlC7AqGiEDnwSueIfRW6OQ%3D%3D"; VariantName = "[No Variations]"
Change component parameters (AddParameter): Name = "Manufacturer"; Value = "Silvertel"; VariantName = "[No Variations]"
Change component parameters (AddParameter): Name = "Manufacturer Part Number"; Value = "Ag9905M"; VariantName = "[No Variations]"
Change component parameters (AddParameter): Name = "Supplier"; Value = "Mouser"; VariantName = "[No Variations]"
Change component parameters (AddParameter): Name = "Supplier Part Number"; Value = "480-AG9905M"; VariantName = "[No Variations]"
Change component parameters: Designator = "U2" ("U2"); Footprint = "DCY0004A_N"; UniqueID = "\JMVPPRZX\UHXAYRVC" ("\JMVPPRZX\UHXAYRVC")
Change component parameters (AddParameter): Name = "Link"; Value = "https://jlcpcb.com/partdetail/TexasInstruments-TLV1117LV33DCYR/C15578"; VariantName = "[No Variations]"
Change component parameters (AddParameter): Name = "Manufacturer"; Value = "Texas Instruments"; VariantName = "[No Variations]"
Change component parameters (AddParameter): Name = "Manufacturer Part Number"; Value = "TLV1117LV33DCYR"; VariantName = "[No Variations]"
Change component parameters (AddParameter): Name = "Supplier"; Value = "JLCPCB"; VariantName = "[No Variations]"
Change component parameters (AddParameter): Name = "Supplier Part Number"; Value = "C15578"; VariantName = "[No Variations]"
Change component parameters: Designator = "U3" ("U3"); Footprint = "DWM3001C"; UniqueID = "\SEGIHNRV\JZZOGNIN" ("\SEGIHNRV\JZZOGNIN")
Change component parameters (AddParameter): Name = "Link"; Value = "https://store.qorvo.com/products/detail/dwm3001c-qorvo/692453/"; VariantName = "[No Variations]"
Change component parameters (AddParameter): Name = "Manufacturer"; Value = "Qorvo"; VariantName = "[No Variations]"
Change component parameters (AddParameter): Name = "Manufacturer Part Number"; Value = "DWM3001C"; VariantName = "[No Variations]"
Change component parameters (AddParameter): Name = "Supplier"; Value = "Qorvo"; VariantName = "[No Variations]"
Change component parameters (AddParameter): Name = "Supplier Part Number"; Value = "DWM3001C"; VariantName = "[No Variations]"
Change component parameters: Designator = "U4" ("U4"); Footprint = "W5500"; UniqueID = "\EFSBJTRO\EKUVZPMQ" ("\EFSBJTRO\EKUVZPMQ")
Change component parameters (AddParameter): Name = "Link"; Value = "https://jlcpcb.com/partdetail/Wiznet-W5500/C32843"; VariantName = "[No Variations]"
Change component parameters (AddParameter): Name = "Manufacturer"; Value = "WIZNET"; VariantName = "[No Variations]"
Change component parameters (AddParameter): Name = "Manufacturer Part Number"; Value = "W5500"; VariantName = "[No Variations]"
Change component parameters (AddParameter): Name = "Supplier"; Value = "JLCPCB"; VariantName = "[No Variations]"
Change component parameters (AddParameter): Name = "Supplier Part Number"; Value = "C32843"; VariantName = "[No Variations]"
Change component parameters: Designator = "Y1" ("Y1"); Footprint = "XTAL_TSX-3225_25.0000MF20P-C0"; UniqueID = "\EFSBJTRO\UHDXRLPS" ("\EFSBJTRO\UHDXRLPS")
Change component parameters (AddParameter): Name = "Link"; Value = ""; VariantName = "[No Variations]"
Change component parameters (AddParameter): Name = "Manufacturer"; Value = "Yangxing Tech"; VariantName = "[No Variations]"
Change component parameters (AddParameter): Name = "Manufacturer Part Number"; Value = "X322525MOB4SI"; VariantName = "[No Variations]"
Change component parameters (AddParameter): Name = "Supplier"; Value = "JLCPCB"; VariantName = "[No Variations]"
Change component parameters (AddParameter): Name = "Supplier Part Number"; Value = "X322525MOB4SI"; VariantName = "[No Variations]"
Added Member To Class: ClassName=U_ethernet_PoE Member=Component D1 LED
Added Member To Class: ClassName=U_uwb_module Member=Component D3 LED
Added Member To Class: ClassName=U_uwb_module Member=Component D4 LED
Added Member To Class: ClassName=U_uwb_module Member=Component D5 LED
Added Member To Class: ClassName=U_ethernet_PoE Member=Component R13 Resistor
Added Member To Class: ClassName=U_uwb_module Member=Component R14 Resistor
Added Member To Class: ClassName=U_uwb_module Member=Component R16 Resistor
Added Member To Class: ClassName=U_uwb_module Member=Component R17 Resistor
Added Member To Class: ClassName=U_uwb_module Member=Component R19 Resistor
Added Member To Class: ClassName=U_uwb_module Member=Component R20 Resistor
Added Member To Class: ClassName=U_uwb_module Member=Component R21 Resistor
Added Member To Class: ClassName=U_uwb_module Member=Component R23 Resistor
Added Member To Class: ClassName=U_ethernet_W5500 Member=Component R24 Resistor
Added Member To Class: ClassName=U_ethernet_W5500 Member=Component R26 Resistor
Added Member To Class: ClassName=U_ethernet_W5500 Member=Component R27 Resistor
Added Member To Class: ClassName=U_ethernet_W5500 Member=Component R28 Resistor
Added Member To Class: ClassName=U_ethernet_W5500 Member=Component R29 Resistor
Added Member To Class: ClassName=U_ethernet_W5500 Member=Component R30 Resistor
Added Member To Class: ClassName=U_ethernet_W5500 Member=Component R31 Resistor
