Change Component Comment : Designator=U1 Old Comment=POE_PSU-DP990X New Comment=Ag9905M
Change Component Designator: OldDesignator=R13 NewDesignator=R14
Change Component Designator: OldDesignator=R14 NewDesignator=R15
Change Component Designator: OldDesignator=R15 NewDesignator=R16
Change Component Designator: OldDesignator=R16 NewDesignator=R17
Change Component Designator: OldDesignator=R17 NewDesignator=R18
Change Component Designator: OldDesignator=R18 NewDesignator=R19
Change Component Designator: OldDesignator=R19 NewDesignator=R20
Change Component Designator: OldDesignator=R20 NewDesignator=R21
Change Component Designator: OldDesignator=R21 NewDesignator=R22
Change Component Designator: OldDesignator=R22 NewDesignator=R23
Change Component Designator: OldDesignator=R23 NewDesignator=R24
Change Component Designator: OldDesignator=R24 NewDesignator=R25
Change Component Designator: OldDesignator=R25 NewDesignator=R26
Change Component Designator: OldDesignator=R26 NewDesignator=R27
Change Component Designator: OldDesignator=R27 NewDesignator=R28
Change Component Designator: OldDesignator=R28 NewDesignator=R29
Change Component Designator: OldDesignator=R29 NewDesignator=R30
Change Component Designator: OldDesignator=R30 NewDesignator=R31
Change Component Designator: OldDesignator=R31 NewDesignator=R32
Change Component Designator: OldDesignator=R32 NewDesignator=R33
Change Component Designator: OldDesignator=R33 NewDesignator=R34
Change component parameters: Designator = "S1" ("S1"); Footprint = "SW_TS-1187A-B-A-B"; UniqueID = "\SEGIHNRV\GFYGRUSA" ("\SEGIHNRV\GFYGRUSA")
Change component parameters (AddParameter): Name = "Link"; Value = "https://jlcpcb.com/partdetail/XkbConnectivity-TS_1187A_B_AB/C318884"; VariantName = "[No Variations]"
Change component parameters (AddParameter): Name = "Manufacturer"; Value = "XKB Connectivity"; VariantName = "[No Variations]"
Change component parameters (AddParameter): Name = "Manufacturer Part Number"; Value = "TS-1187A-B-A-B"; VariantName = "[No Variations]"
Change component parameters (AddParameter): Name = "Supplier"; Value = "JLCPCB"; VariantName = "[No Variations]"
Change component parameters (AddParameter): Name = "Supplier Part Number"; Value = "C318884"; VariantName = "[No Variations]"
Change component parameters (AddParameter): Name = "Value"; Value = ""; VariantName = "[No Variations]"
Change component parameters: Designator = "S2" ("S2"); Footprint = "SW_TS-1187A-B-A-B"; UniqueID = "\SEGIHNRV\NNUNEYDN" ("\SEGIHNRV\NNUNEYDN")
Change component parameters (AddParameter): Name = "Link"; Value = ""; VariantName = "[No Variations]"
Change component parameters (AddParameter): Name = "Manufacturer"; Value = "XKB Connectivity"; VariantName = "[No Variations]"
Change component parameters (AddParameter): Name = "Manufacturer Part Number"; Value = "TS-1187A-B-A-B"; VariantName = "[No Variations]"
Change component parameters (AddParameter): Name = "Supplier"; Value = "JLCPCB"; VariantName = "[No Variations]"
Change component parameters (AddParameter): Name = "Supplier Part Number"; Value = "C318884"; VariantName = "[No Variations]"
Change component parameters (AddParameter): Name = "Value"; Value = ""; VariantName = "[No Variations]"
Change component parameters: Designator = "Y1" ("Y1"); Footprint = "XTAL_TSX-3225_25.0000MF20P-C0"; UniqueID = "\EFSBJTRO\UHDXRLPS" ("\EFSBJTRO\UHDXRLPS")
Change component parameters (AddParameter): Name = "Link"; Value = "https://jlcpcb.com/partdetail/YangxingTech-X322525MOB4SI/C9006"; VariantName = "[No Variations]"
Change component parameters (AddParameter): Name = "Manufacturer"; Value = "Yangxing Tech"; VariantName = "[No Variations]"
Change component parameters (AddParameter): Name = "Manufacturer Part Number"; Value = "X322525MOB4SI"; VariantName = "[No Variations]"
Change component parameters (AddParameter): Name = "Supplier"; Value = "JLCPCB"; VariantName = "[No Variations]"
Change component parameters (AddParameter): Name = "Supplier Part Number"; Value = "C9006"; VariantName = "[No Variations]"
Change component parameters (AddParameter): Name = "Value"; Value = "25MHz"; VariantName = "[No Variations]"
Added Component: Designator=R13(0603 - Resistor)
Add component (AddParameter): Name = "Link"; Value = "https://jlcpcb.com/partdetail/21904-0603WAF1001T5E/C21190"; VariantName = "[No Variations]"
Add component (AddParameter): Name = "Manufacturer"; Value = "UNI-ROYAL(Uniroyal Elec)"; VariantName = "[No Variations]"
Add component (AddParameter): Name = "Manufacturer Part Number"; Value = "0603WAF1001T5E"; VariantName = "[No Variations]"
Add component (AddParameter): Name = "Rating"; Value = "100mW"; VariantName = "[No Variations]"
Add component (AddParameter): Name = "Supplier"; Value = "JLCPCB"; VariantName = "[No Variations]"
Add component (AddParameter): Name = "Supplier Part Number"; Value = "C21190"; VariantName = "[No Variations]"
Add component (AddParameter): Name = "Value"; Value = "25/5W"; VariantName = "[No Variations]"
Added Pin To Net: NetName=GND Pin=R13-1
Added Pin To Net: NetName=POE_5V Pin=R13-2
Change Net Name : Old Net Name=NetR25_1 New Net Name=NetR26_1
Change Net Name : Old Net Name=NetR25_2 New Net Name=NetR26_2
Change Net Name : Old Net Name=NetR26_2 New Net Name=NetR27_2
Added Member To Class: ClassName=U_ethernet_PoE Member=Component R14 Resistor
