Change Component Footprint: Designator=R3 Old Footprint=0402 - Resistor New Footprint=0805 - Resistor
Change Component Footprint: Designator=R7 Old Footprint=0402 - Resistor New Footprint=0805 - Resistor
Change Component Footprint: Designator=R8 Old Footprint=0402 - Resistor New Footprint=0805 - Resistor
Change Component Footprint: Designator=R12 Old Footprint=0402 - Resistor New Footprint=0805 - Resistor
Change component parameters: Designator = "R3" ("R3"); Footprint = "0402 - Resistor"; UniqueID = "\JPIGDUFS\KLDFLKMR" ("\JPIGDUFS\KLDFLKMR")
Change component parameters (AddParameter): Name = "Manufacturer"; Value = "UNI-ROYAL(Uniroyal Elec)"; VariantName = "[No Variations]"
Change component parameters (AddParameter): Name = "Manufacturer Part Number"; Value = "0805W8F499JT5E"; VariantName = "[No Variations]"
Change component parameters (AddParameter): Name = "Rating"; Value = "100mW"; VariantName = "[No Variations]"
Change component parameters (AddParameter): Name = "Supplier"; Value = "JLCPCB"; VariantName = "[No Variations]"
Change component parameters (AddParameter): Name = "Supplier Part Number"; Value = "C17720"; VariantName = "[No Variations]"
Change component parameters (AddParameter): Name = "Value"; Value = "49.9"; VariantName = "[No Variations]"
Change component parameters: Designator = "R7" ("R7"); Footprint = "0402 - Resistor"; UniqueID = "\JPIGDUFS\LKUTROCM" ("\JPIGDUFS\LKUTROCM")
Change component parameters (AddParameter): Name = "Manufacturer"; Value = "UNI-ROYAL(Uniroyal Elec)"; VariantName = "[No Variations]"
Change component parameters (AddParameter): Name = "Manufacturer Part Number"; Value = "0805W8F499JT5E"; VariantName = "[No Variations]"
Change component parameters (AddParameter): Name = "Rating"; Value = "100mW"; VariantName = "[No Variations]"
Change component parameters (AddParameter): Name = "Supplier"; Value = "JLCPCB"; VariantName = "[No Variations]"
Change component parameters (AddParameter): Name = "Supplier Part Number"; Value = "C17720"; VariantName = "[No Variations]"
Change component parameters (AddParameter): Name = "Value"; Value = "49.9"; VariantName = "[No Variations]"
Change component parameters: Designator = "R8" ("R8"); Footprint = "0402 - Resistor"; UniqueID = "\JPIGDUFS\CIRLAUTV" ("\JPIGDUFS\CIRLAUTV")
Change component parameters (AddParameter): Name = "Manufacturer"; Value = "UNI-ROYAL(Uniroyal Elec)"; VariantName = "[No Variations]"
Change component parameters (AddParameter): Name = "Manufacturer Part Number"; Value = "0805W8F499JT5E"; VariantName = "[No Variations]"
Change component parameters (AddParameter): Name = "Rating"; Value = "100mW"; VariantName = "[No Variations]"
Change component parameters (AddParameter): Name = "Supplier"; Value = "JLCPCB"; VariantName = "[No Variations]"
Change component parameters (AddParameter): Name = "Supplier Part Number"; Value = "C17720"; VariantName = "[No Variations]"
Change component parameters (AddParameter): Name = "Value"; Value = "49.9"; VariantName = "[No Variations]"
Change component parameters: Designator = "R12" ("R12"); Footprint = "0402 - Resistor"; UniqueID = "\JPIGDUFS\UGPTXPKB" ("\JPIGDUFS\UGPTXPKB")
Change component parameters (AddParameter): Name = "Manufacturer"; Value = "UNI-ROYAL(Uniroyal Elec)"; VariantName = "[No Variations]"
Change component parameters (AddParameter): Name = "Manufacturer Part Number"; Value = "0805W8F499JT5E"; VariantName = "[No Variations]"
Change component parameters (AddParameter): Name = "Rating"; Value = "100mW"; VariantName = "[No Variations]"
Change component parameters (AddParameter): Name = "Supplier"; Value = "JLCPCB"; VariantName = "[No Variations]"
Change component parameters (AddParameter): Name = "Supplier Part Number"; Value = "C17720"; VariantName = "[No Variations]"
Change component parameters (AddParameter): Name = "Value"; Value = "49.9"; VariantName = "[No Variations]"
Added Pin To Net: NetName=ISO-GND Pin=J1-2
