Removed Parameter Case/Package:0805 from Part FB1
Removed Parameter Case Code (Imperial):0805 from Part FB1
Removed Parameter Case Code (Metric):2012 from Part FB1
Removed Parameter Contact Plating:Tin from Part FB1
Removed Parameter Current Rating:800mA from Part FB1
Removed Parameter DC Resistance (DCR):100mR from Part FB1
Removed Parameter DeviceName: from Part U4
Removed Parameter DeviceSetName:W5500 from Part U4
Removed Parameter GateName_1:U1 from Part U4
Removed Parameter Height:0.041inch from Part FB1
Removed Parameter Impedance:120R from Part FB1
Removed Parameter Length:2mm from Part FB1
Removed Parameter LibraryName:SparkFun-IC-Comms from Part U4
Removed Parameter Material:Steel from Part FB1
Removed Parameter Max Current Rating:800mA from Part FB1
Removed Parameter Max DC Current:200mA from Part FB1
Removed Parameter Max Operating Temperature:125°C from Part FB1
Removed Parameter Min Operating Temperature:-55°C from Part FB1
Removed Parameter Mount:Surface Mount from Part FB1
Removed Parameter Number of Circuits:1 from Part FB1
Removed Parameter Number of Lines:1 from Part FB1
Removed Parameter Package Quantity:4000 from Part FB1
Removed Parameter Packaging:Tape and Reel from Part FB1
Removed Parameter PROD_ID:IC-16240 from Part U4
Removed Parameter Ratings:AEC-Q200 from Part FB1
Removed Parameter Series:EMIFIL®, BLM21A from Part FB1
Removed Parameter Shielding:Unshielded from Part FB1
Removed Parameter SymbolName_1:W5500 from Part U4
Removed Parameter Termination:SMD/SMT from Part FB1
Removed Parameter Test Frequency:100MHz from Part FB1
Removed Parameter Tolerance:25% from Part FB1
Removed Parameter Width:1.25mm from Part FB1
