Added Parameter Link=https://jlcpcb.com/partdetail/Yageo-CC0603KRX7R9BB104/C14663 to Part C21
Added Parameter Link= to Part C22
Added Parameter Link= to Part C23
Added Parameter Link= to Part C24
Added Parameter Link= to Part C25
Added Parameter Link= to Part C26
Added Parameter Link= to Part C27
Added Parameter Link= to Part C28
Added Parameter Link= to Part C29
Added Parameter Link= to Part C30
Added Parameter Link= to Part C31
Added Parameter Link= to Part C32
Added Parameter Link= to Part C33
Added Parameter Link= to Part FB1
Added Parameter Link= to Part J4
Added Parameter Link= to Part J5
Added Parameter Link= to Part J6
Added Parameter Link= to Part R24
Added Parameter Link= to Part R25
Added Parameter Link= to Part R26
Added Parameter Link= to Part R27
Added Parameter Link= to Part R28
Added Parameter Link= to Part R29
Added Parameter Link= to Part R30
Added Parameter Link= to Part R31
Added Parameter Link= to Part R32
Added Parameter Link= to Part R33
Added Parameter Link= to Part U4
Added Parameter Link= to Part Y1
