Added Parameter Link= to Part C17
Added Parameter Link= to Part C18
Added Parameter Link= to Part C19
Added Parameter Link= to Part C20
Added Parameter Link= to Part D3
Added Parameter Link= to Part D4
Added Parameter Link= to Part D5
Added Parameter Link= to Part D6
Added Parameter Link= to Part Q1
Added Parameter Link= to Part Q2
Added Parameter Link= to Part R14
Added Parameter Link= to Part R15
Added Parameter Link= to Part R16
Added Parameter Link= to Part R17
Added Parameter Link= to Part R18
Added Parameter Link= to Part R19
Added Parameter Link= to Part R20
Added Parameter Link= to Part R21
Added Parameter Link= to Part R22
Added Parameter Link= to Part R23
Added Parameter Link= to Part S1
Added Parameter Link= to Part S2
Added Parameter Link= to Part U3
